<?xml version="1.0" encoding="UTF-8"?>
<coverage generated="1618450336517" clover="3.2.0">
  <project timestamp="1618450336517" name="All files">
    <metrics statements="406" coveredstatements="328" conditionals="217" coveredconditionals="157" methods="133" coveredmethods="101" elements="756" coveredelements="586" complexity="0" loc="406" ncloc="406" packages="12" files="42" classes="42"/>
    <package name="frontend">
      <metrics statements="5" coveredstatements="5" conditionals="0" coveredconditionals="0" methods="0" coveredmethods="0"/>
      <file name="config.js" path="/Users/user/Desktop/Lisa Alley/lisa-alley-store/frontend/config.js">
        <metrics statements="5" coveredstatements="5" conditionals="0" coveredconditionals="0" methods="0" coveredmethods="0"/>
        <line num="2" count="15" type="stmt"/>
        <line num="3" count="15" type="stmt"/>
        <line num="5" count="15" type="stmt"/>
        <line num="6" count="15" type="stmt"/>
        <line num="7" count="15" type="stmt"/>
      </file>
    </package>
    <package name="frontend.components.burger-menu">
      <metrics statements="22" coveredstatements="19" conditionals="19" coveredconditionals="18" methods="8" coveredmethods="6"/>
      <file name="BurgerCartCount.js" path="/Users/user/Desktop/Lisa Alley/lisa-alley-store/frontend/components/burger-menu/BurgerCartCount.js">
        <metrics statements="6" coveredstatements="6" conditionals="0" coveredconditionals="0" methods="3" coveredmethods="3"/>
        <line num="5" count="1" type="stmt"/>
        <line num="30" count="1" type="stmt"/>
        <line num="31" count="3" type="stmt"/>
        <line num="32" count="3" type="stmt"/>
        <line num="43" count="1" type="stmt"/>
        <line num="44" count="3" type="stmt"/>
      </file>
      <file name="HamburgerMenu.js" path="/Users/user/Desktop/Lisa Alley/lisa-alley-store/frontend/components/burger-menu/HamburgerMenu.js">
        <metrics statements="16" coveredstatements="13" conditionals="19" coveredconditionals="18" methods="5" coveredmethods="3"/>
        <line num="9" count="1" type="stmt"/>
        <line num="10" count="8" type="stmt"/>
        <line num="11" count="8" type="stmt"/>
        <line num="13" count="8" type="stmt"/>
        <line num="14" count="0" type="stmt"/>
        <line num="18" count="8" type="stmt"/>
        <line num="25" count="8" type="stmt"/>
        <line num="32" count="8" type="stmt"/>
        <line num="39" count="8" type="stmt"/>
        <line num="45" count="8" type="stmt"/>
        <line num="47" count="3" type="stmt"/>
        <line num="51" count="0" type="stmt"/>
        <line num="52" count="0" type="stmt"/>
        <line num="58" count="3" type="stmt"/>
        <line num="65" count="8" type="stmt"/>
        <line num="67" count="8" type="stmt"/>
      </file>
    </package>
    <package name="frontend.components.cart">
      <metrics statements="5" coveredstatements="5" conditionals="0" coveredconditionals="0" methods="2" coveredmethods="2"/>
      <file name="CartCount.js" path="/Users/user/Desktop/Lisa Alley/lisa-alley-store/frontend/components/cart/CartCount.js">
        <metrics statements="5" coveredstatements="5" conditionals="0" coveredconditionals="0" methods="2" coveredmethods="2"/>
        <line num="6" count="1" type="stmt"/>
        <line num="31" count="1" type="stmt"/>
        <line num="32" count="3" type="stmt"/>
        <line num="44" count="1" type="stmt"/>
        <line num="45" count="3" type="stmt"/>
      </file>
    </package>
    <package name="frontend.components.items">
      <metrics statements="85" coveredstatements="52" conditionals="44" coveredconditionals="25" methods="13" coveredmethods="6"/>
      <file name="CreateItem.js" path="/Users/user/Desktop/Lisa Alley/lisa-alley-store/frontend/components/items/CreateItem.js">
        <metrics statements="29" coveredstatements="16" conditionals="8" coveredconditionals="4" methods="6" coveredmethods="3"/>
        <line num="10" count="1" type="stmt"/>
        <line num="41" count="0" type="stmt"/>
        <line num="45" count="0" type="stmt"/>
        <line num="52" count="84" type="stmt"/>
        <line num="53" count="84" type="stmt"/>
        <line num="54" count="84" type="stmt"/>
        <line num="55" count="84" type="stmt"/>
        <line num="56" count="84" type="stmt"/>
        <line num="58" count="84" type="stmt"/>
        <line num="59" count="37" type="stmt"/>
        <line num="60" count="37" type="stmt"/>
        <line num="63" count="84" type="stmt"/>
        <line num="76" count="0" type="stmt"/>
        <line num="77" count="0" type="stmt"/>
        <line num="78" count="0" type="stmt"/>
        <line num="79" count="0" type="stmt"/>
        <line num="80" count="0" type="stmt"/>
        <line num="82" count="0" type="stmt"/>
        <line num="89" count="0" type="stmt"/>
        <line num="90" count="0" type="stmt"/>
        <line num="91" count="0" type="stmt"/>
        <line num="92" count="0" type="stmt"/>
        <line num="95" count="84" type="stmt"/>
        <line num="96" count="84" type="stmt"/>
        <line num="100" count="1" type="stmt"/>
        <line num="101" count="1" type="stmt"/>
        <line num="102" count="1" type="stmt"/>
        <line num="103" count="1" type="stmt"/>
        <line num="108" count="0" type="stmt"/>
      </file>
      <file name="Items.js" path="/Users/user/Desktop/Lisa Alley/lisa-alley-store/frontend/components/items/Items.js">
        <metrics statements="6" coveredstatements="2" conditionals="7" coveredconditionals="0" methods="2" coveredmethods="0"/>
        <line num="12" count="4" type="stmt"/>
        <line num="26" count="4" type="stmt"/>
        <line num="27" count="0" type="stmt"/>
        <line num="28" count="0" type="stmt"/>
        <line num="31" count="0" type="stmt"/>
        <line num="39" count="0" type="stmt"/>
      </file>
      <file name="Pagination.js" path="/Users/user/Desktop/Lisa Alley/lisa-alley-store/frontend/components/items/Pagination.js">
        <metrics statements="11" coveredstatements="11" conditionals="8" coveredconditionals="6" methods="1" coveredmethods="1"/>
        <line num="10" count="5" type="stmt"/>
        <line num="20" count="5" type="stmt"/>
        <line num="21" count="9" type="stmt"/>
        <line num="22" count="9" type="cond" truecount="2" falsecount="0"/>
        <line num="23" count="4" type="cond" truecount="1" falsecount="1"/>
        <line num="24" count="4" type="stmt"/>
        <line num="25" count="4" type="stmt"/>
        <line num="26" count="4" type="cond" truecount="3" falsecount="1"/>
        <line num="27" count="4" type="stmt"/>
        <line num="28" count="4" type="stmt"/>
        <line num="29" count="4" type="stmt"/>
      </file>
      <file name="SingleItem.js" path="/Users/user/Desktop/Lisa Alley/lisa-alley-store/frontend/components/items/SingleItem.js">
        <metrics statements="9" coveredstatements="9" conditionals="11" coveredconditionals="9" methods="1" coveredmethods="1"/>
        <line num="13" count="1" type="stmt"/>
        <line num="30" count="1" type="stmt"/>
        <line num="31" count="6" type="stmt"/>
        <line num="32" count="6" type="stmt"/>
        <line num="35" count="6" type="cond" truecount="2" falsecount="0"/>
        <line num="36" count="5" type="cond" truecount="2" falsecount="0"/>
        <line num="37" count="1" type="cond" truecount="1" falsecount="1"/>
        <line num="38" count="1" type="stmt"/>
        <line num="39" count="1" type="stmt"/>
      </file>
      <file name="UpdateItem.js" path="/Users/user/Desktop/Lisa Alley/lisa-alley-store/frontend/components/items/UpdateItem.js">
        <metrics statements="30" coveredstatements="14" conditionals="10" coveredconditionals="6" methods="3" coveredmethods="1"/>
        <line num="10" count="1" type="stmt"/>
        <line num="24" count="1" type="stmt"/>
        <line num="51" count="1" type="stmt"/>
        <line num="52" count="56" type="stmt"/>
        <line num="56" count="56" type="stmt"/>
        <line num="57" count="56" type="stmt"/>
        <line num="58" count="56" type="stmt"/>
        <line num="59" count="56" type="stmt"/>
        <line num="61" count="56" type="stmt"/>
        <line num="64" count="56" type="stmt"/>
        <line num="67" count="0" type="cond" truecount="0" falsecount="2"/>
        <line num="68" count="0" type="stmt"/>
        <line num="69" count="0" type="stmt"/>
        <line num="70" count="0" type="stmt"/>
        <line num="74" count="0" type="stmt"/>
        <line num="79" count="0" type="stmt"/>
        <line num="85" count="0" type="stmt"/>
        <line num="86" count="0" type="stmt"/>
        <line num="87" count="0" type="stmt"/>
        <line num="88" count="0" type="stmt"/>
        <line num="89" count="0" type="stmt"/>
        <line num="91" count="0" type="stmt"/>
        <line num="98" count="0" type="stmt"/>
        <line num="99" count="0" type="stmt"/>
        <line num="100" count="0" type="stmt"/>
        <line num="101" count="0" type="stmt"/>
        <line num="104" count="56" type="cond" truecount="2" falsecount="0"/>
        <line num="105" count="54" type="cond" truecount="1" falsecount="1"/>
        <line num="106" count="54" type="stmt"/>
        <line num="107" count="54" type="stmt"/>
      </file>
    </package>
    <package name="frontend.components.items.item-card">
      <metrics statements="18" coveredstatements="11" conditionals="18" coveredconditionals="7" methods="7" coveredmethods="3"/>
      <file name="AddToCart.js" path="/Users/user/Desktop/Lisa Alley/lisa-alley-store/frontend/components/items/item-card/AddToCart.js">
        <metrics statements="4" coveredstatements="4" conditionals="5" coveredconditionals="2" methods="1" coveredmethods="1"/>
        <line num="5" count="4" type="stmt"/>
        <line num="14" count="4" type="stmt"/>
        <line num="15" count="2" type="stmt"/>
        <line num="19" count="2" type="stmt"/>
      </file>
      <file name="DeleteItem.js" path="/Users/user/Desktop/Lisa Alley/lisa-alley-store/frontend/components/items/item-card/DeleteItem.js">
        <metrics statements="11" coveredstatements="4" conditionals="2" coveredconditionals="0" methods="5" coveredmethods="1"/>
        <line num="5" count="4" type="stmt"/>
        <line num="14" count="4" type="stmt"/>
        <line num="18" count="0" type="stmt"/>
        <line num="20" count="0" type="stmt"/>
        <line num="21" count="0" type="stmt"/>
        <line num="24" count="0" type="stmt"/>
        <line num="30" count="2" type="stmt"/>
        <line num="34" count="2" type="stmt"/>
        <line num="37" count="0" type="cond" truecount="0" falsecount="2"/>
        <line num="38" count="0" type="stmt"/>
        <line num="39" count="0" type="stmt"/>
      </file>
      <file name="Item.js" path="/Users/user/Desktop/Lisa Alley/lisa-alley-store/frontend/components/items/item-card/Item.js">
        <metrics statements="3" coveredstatements="3" conditionals="11" coveredconditionals="5" methods="1" coveredmethods="1"/>
        <line num="9" count="4" type="stmt"/>
        <line num="10" count="3" type="stmt"/>
        <line num="60" count="4" type="stmt"/>
      </file>
    </package>
    <package name="frontend.components.orders">
      <metrics statements="9" coveredstatements="9" conditionals="4" coveredconditionals="3" methods="2" coveredmethods="2"/>
      <file name="Order.js" path="/Users/user/Desktop/Lisa Alley/lisa-alley-store/frontend/components/orders/Order.js">
        <metrics statements="9" coveredstatements="9" conditionals="4" coveredconditionals="3" methods="2" coveredmethods="2"/>
        <line num="10" count="1" type="stmt"/>
        <line num="32" count="1" type="stmt"/>
        <line num="33" count="7" type="stmt"/>
        <line num="36" count="7" type="cond" truecount="1" falsecount="1"/>
        <line num="37" count="7" type="cond" truecount="2" falsecount="0"/>
        <line num="38" count="3" type="stmt"/>
        <line num="39" count="3" type="stmt"/>
        <line num="66" count="3" type="stmt"/>
        <line num="81" count="1" type="stmt"/>
      </file>
    </package>
    <package name="frontend.components.page.header">
      <metrics statements="12" coveredstatements="11" conditionals="19" coveredconditionals="18" methods="4" coveredmethods="3"/>
      <file name="Nav.js" path="/Users/user/Desktop/Lisa Alley/lisa-alley-store/frontend/components/page/header/Nav.js">
        <metrics statements="12" coveredstatements="11" conditionals="19" coveredconditionals="18" methods="4" coveredmethods="3"/>
        <line num="9" count="8" type="stmt"/>
        <line num="10" count="8" type="stmt"/>
        <line num="12" count="8" type="stmt"/>
        <line num="19" count="8" type="stmt"/>
        <line num="26" count="8" type="stmt"/>
        <line num="33" count="8" type="stmt"/>
        <line num="39" count="8" type="stmt"/>
        <line num="41" count="3" type="stmt"/>
        <line num="45" count="0" type="stmt"/>
        <line num="51" count="3" type="stmt"/>
        <line num="58" count="8" type="stmt"/>
        <line num="60" count="8" type="stmt"/>
      </file>
    </package>
    <package name="frontend.components.signup-signin">
      <metrics statements="76" coveredstatements="63" conditionals="37" coveredconditionals="34" methods="15" coveredmethods="11"/>
      <file name="RequestReset.js" path="/Users/user/Desktop/Lisa Alley/lisa-alley-store/frontend/components/signup-signin/RequestReset.js">
        <metrics statements="11" coveredstatements="10" conditionals="4" coveredconditionals="4" methods="3" coveredmethods="3"/>
        <line num="6" count="1" type="stmt"/>
        <line num="14" count="1" type="stmt"/>
        <line num="15" count="18" type="stmt"/>
        <line num="16" count="18" type="stmt"/>
        <line num="19" count="18" type="stmt"/>
        <line num="24" count="1" type="stmt"/>
        <line num="25" count="1" type="stmt"/>
        <line num="26" count="1" type="stmt"/>
        <line num="27" count="1" type="stmt"/>
        <line num="29" count="0" type="stmt"/>
        <line num="44" count="13" type="stmt"/>
      </file>
      <file name="Reset.js" path="/Users/user/Desktop/Lisa Alley/lisa-alley-store/frontend/components/signup-signin/Reset.js">
        <metrics statements="12" coveredstatements="11" conditionals="6" coveredconditionals="6" methods="2" coveredmethods="2"/>
        <line num="9" count="1" type="stmt"/>
        <line num="27" count="1" type="stmt"/>
        <line num="28" count="38" type="stmt"/>
        <line num="29" count="38" type="stmt"/>
        <line num="31" count="38" type="stmt"/>
        <line num="34" count="3" type="cond" truecount="2" falsecount="0"/>
        <line num="35" count="1" type="stmt"/>
        <line num="36" count="1" type="stmt"/>
        <line num="37" count="1" type="stmt"/>
        <line num="45" count="0" type="stmt"/>
        <line num="50" count="38" type="stmt"/>
        <line num="84" count="1" type="stmt"/>
      </file>
      <file name="Signin.js" path="/Users/user/Desktop/Lisa Alley/lisa-alley-store/frontend/components/signup-signin/Signin.js">
        <metrics statements="15" coveredstatements="7" conditionals="0" coveredconditionals="0" methods="4" coveredmethods="1"/>
        <line num="12" count="1" type="stmt"/>
        <line num="19" count="1" type="stmt"/>
        <line num="28" count="1" type="stmt"/>
        <line num="29" count="1" type="stmt"/>
        <line num="30" count="1" type="stmt"/>
        <line num="32" count="1" type="stmt"/>
        <line num="36" count="1" type="stmt"/>
        <line num="44" count="0" type="stmt"/>
        <line num="45" count="0" type="stmt"/>
        <line num="46" count="0" type="stmt"/>
        <line num="47" count="0" type="stmt"/>
        <line num="48" count="0" type="stmt"/>
        <line num="52" count="0" type="stmt"/>
        <line num="66" count="0" type="stmt"/>
        <line num="76" count="0" type="stmt"/>
      </file>
      <file name="Signout.js" path="/Users/user/Desktop/Lisa Alley/lisa-alley-store/frontend/components/signup-signin/Signout.js">
        <metrics statements="6" coveredstatements="4" conditionals="0" coveredconditionals="0" methods="2" coveredmethods="1"/>
        <line num="7" count="2" type="stmt"/>
        <line num="15" count="2" type="stmt"/>
        <line num="16" count="4" type="stmt"/>
        <line num="20" count="0" type="stmt"/>
        <line num="23" count="0" type="stmt"/>
        <line num="25" count="4" type="stmt"/>
      </file>
      <file name="Signup.js" path="/Users/user/Desktop/Lisa Alley/lisa-alley-store/frontend/components/signup-signin/Signup.js">
        <metrics statements="14" coveredstatements="14" conditionals="15" coveredconditionals="13" methods="2" coveredmethods="2"/>
        <line num="11" count="1" type="stmt"/>
        <line num="44" count="1" type="stmt"/>
        <line num="48" count="1" type="stmt"/>
        <line num="49" count="174" type="stmt"/>
        <line num="51" count="174" type="stmt"/>
        <line num="53" count="174" type="stmt"/>
        <line num="64" count="174" type="stmt"/>
        <line num="68" count="3" type="cond" truecount="2" falsecount="0"/>
        <line num="69" count="1" type="stmt"/>
        <line num="70" count="1" type="stmt"/>
        <line num="71" count="1" type="stmt"/>
        <line num="75" count="1" type="stmt"/>
        <line num="79" count="1" type="stmt"/>
        <line num="84" count="174" type="stmt"/>
      </file>
      <file name="UpdateUser.js" path="/Users/user/Desktop/Lisa Alley/lisa-alley-store/frontend/components/signup-signin/UpdateUser.js">
        <metrics statements="18" coveredstatements="17" conditionals="12" coveredconditionals="11" methods="2" coveredmethods="2"/>
        <line num="8" count="1" type="stmt"/>
        <line num="41" count="1" type="stmt"/>
        <line num="42" count="181" type="stmt"/>
        <line num="43" count="181" type="stmt"/>
        <line num="45" count="181" type="stmt"/>
        <line num="46" count="181" type="stmt"/>
        <line num="47" count="181" type="stmt"/>
        <line num="48" count="181" type="stmt"/>
        <line num="50" count="181" type="stmt"/>
        <line num="52" count="181" type="stmt"/>
        <line num="55" count="3" type="cond" truecount="2" falsecount="0"/>
        <line num="56" count="1" type="stmt"/>
        <line num="57" count="1" type="stmt"/>
        <line num="58" count="1" type="stmt"/>
        <line num="62" count="0" type="stmt"/>
        <line num="67" count="181" type="cond" truecount="2" falsecount="0"/>
        <line num="68" count="178" type="cond" truecount="1" falsecount="1"/>
        <line num="70" count="178" type="stmt"/>
      </file>
    </package>
    <package name="frontend.components.styles">
      <metrics statements="47" coveredstatements="44" conditionals="2" coveredconditionals="1" methods="37" coveredmethods="34"/>
      <file name="BurgerCloseButton.js" path="/Users/user/Desktop/Lisa Alley/lisa-alley-store/frontend/components/styles/BurgerCloseButton.js">
        <metrics statements="3" coveredstatements="3" conditionals="0" coveredconditionals="0" methods="2" coveredmethods="2"/>
        <line num="3" count="1" type="stmt"/>
        <line num="4" count="8" type="stmt"/>
        <line num="5" count="8" type="stmt"/>
      </file>
      <file name="BurgerStyles.js" path="/Users/user/Desktop/Lisa Alley/lisa-alley-store/frontend/components/styles/BurgerStyles.js">
        <metrics statements="6" coveredstatements="6" conditionals="2" coveredconditionals="1" methods="5" coveredmethods="5"/>
        <line num="3" count="1" type="stmt"/>
        <line num="8" count="8" type="stmt"/>
        <line num="20" count="8" type="cond" truecount="1" falsecount="1"/>
        <line num="37" count="8" type="stmt"/>
        <line num="38" count="8" type="stmt"/>
        <line num="40" count="8" type="stmt"/>
      </file>
      <file name="ErrorStyles.js" path="/Users/user/Desktop/Lisa Alley/lisa-alley-store/frontend/components/styles/ErrorStyles.js">
        <metrics statements="1" coveredstatements="1" conditionals="0" coveredconditionals="0" methods="0" coveredmethods="0"/>
        <line num="3" count="12" type="stmt"/>
      </file>
      <file name="Form.js" path="/Users/user/Desktop/Lisa Alley/lisa-alley-store/frontend/components/styles/Form.js">
        <metrics statements="6" coveredstatements="6" conditionals="0" coveredconditionals="0" methods="6" coveredmethods="6"/>
        <line num="3" count="7" type="stmt"/>
        <line num="15" count="7" type="stmt"/>
        <line num="40" count="547" type="stmt"/>
        <line num="46" count="547" type="stmt"/>
        <line num="64" count="547" type="stmt"/>
        <line num="80" count="547" type="stmt"/>
      </file>
      <file name="ItemListStyles.js" path="/Users/user/Desktop/Lisa Alley/lisa-alley-store/frontend/components/styles/ItemListStyles.js">
        <metrics statements="3" coveredstatements="2" conditionals="0" coveredconditionals="0" methods="1" coveredmethods="0"/>
        <line num="3" count="4" type="stmt"/>
        <line num="7" count="4" type="stmt"/>
        <line num="11" count="0" type="stmt"/>
      </file>
      <file name="ItemStyles.js" path="/Users/user/Desktop/Lisa Alley/lisa-alley-store/frontend/components/styles/ItemStyles.js">
        <metrics statements="9" coveredstatements="7" conditionals="0" coveredconditionals="0" methods="8" coveredmethods="6"/>
        <line num="3" count="4" type="stmt"/>
        <line num="5" count="0" type="stmt"/>
        <line num="6" count="0" type="stmt"/>
        <line num="9" count="3" type="stmt"/>
        <line num="30" count="3" type="stmt"/>
        <line num="54" count="3" type="stmt"/>
        <line num="60" count="3" type="stmt"/>
        <line num="79" count="3" type="stmt"/>
        <line num="82" count="3" type="stmt"/>
      </file>
      <file name="NavStyles.js" path="/Users/user/Desktop/Lisa Alley/lisa-alley-store/frontend/components/styles/NavStyles.js">
        <metrics statements="4" coveredstatements="4" conditionals="0" coveredconditionals="0" methods="3" coveredmethods="3"/>
        <line num="3" count="1" type="stmt"/>
        <line num="21" count="8" type="stmt"/>
        <line num="31" count="8" type="stmt"/>
        <line num="63" count="8" type="stmt"/>
      </file>
      <file name="OrderStyles.js" path="/Users/user/Desktop/Lisa Alley/lisa-alley-store/frontend/components/styles/OrderStyles.js">
        <metrics statements="5" coveredstatements="5" conditionals="0" coveredconditionals="0" methods="4" coveredmethods="4"/>
        <line num="3" count="1" type="stmt"/>
        <line num="6" count="3" type="stmt"/>
        <line num="7" count="3" type="stmt"/>
        <line num="14" count="3" type="stmt"/>
        <line num="24" count="3" type="stmt"/>
      </file>
      <file name="PaginationStyles.js" path="/Users/user/Desktop/Lisa Alley/lisa-alley-store/frontend/components/styles/PaginationStyles.js">
        <metrics statements="3" coveredstatements="3" conditionals="0" coveredconditionals="0" methods="2" coveredmethods="2"/>
        <line num="3" count="5" type="stmt"/>
        <line num="12" count="4" type="stmt"/>
        <line num="17" count="4" type="stmt"/>
      </file>
      <file name="SingleItemStyles.js" path="/Users/user/Desktop/Lisa Alley/lisa-alley-store/frontend/components/styles/SingleItemStyles.js">
        <metrics statements="7" coveredstatements="7" conditionals="0" coveredconditionals="0" methods="6" coveredmethods="6"/>
        <line num="3" count="1" type="stmt"/>
        <line num="6" count="1" type="stmt"/>
        <line num="23" count="1" type="stmt"/>
        <line num="40" count="1" type="stmt"/>
        <line num="41" count="1" type="stmt"/>
        <line num="51" count="1" type="stmt"/>
        <line num="52" count="1" type="stmt"/>
      </file>
    </package>
    <package name="frontend.components.utils">
      <metrics statements="42" coveredstatements="37" conditionals="29" coveredconditionals="22" methods="12" coveredmethods="9"/>
      <file name="BS.js" path="/Users/user/Desktop/Lisa Alley/lisa-alley-store/frontend/components/utils/BS.js">
        <metrics statements="6" coveredstatements="6" conditionals="6" coveredconditionals="4" methods="1" coveredmethods="1"/>
        <line num="6" count="1" type="stmt"/>
        <line num="15" count="1" type="stmt"/>
        <line num="16" count="2" type="stmt"/>
        <line num="17" count="2" type="cond" truecount="2" falsecount="0"/>
        <line num="18" count="1" type="cond" truecount="1" falsecount="1"/>
        <line num="19" count="1" type="cond" truecount="1" falsecount="1"/>
      </file>
      <file name="ErrorMessage.js" path="/Users/user/Desktop/Lisa Alley/lisa-alley-store/frontend/components/utils/ErrorMessage.js">
        <metrics statements="8" coveredstatements="6" conditionals="9" coveredconditionals="6" methods="2" coveredmethods="1"/>
        <line num="6" count="12" type="stmt"/>
        <line num="7" count="374" type="cond" truecount="4" falsecount="0"/>
        <line num="8" count="1" type="cond" truecount="2" falsecount="3"/>
        <line num="9" count="0" type="stmt"/>
        <line num="10" count="0" type="stmt"/>
        <line num="18" count="1" type="stmt"/>
        <line num="28" count="12" type="stmt"/>
        <line num="32" count="12" type="stmt"/>
      </file>
      <file name="Loader.js" path="/Users/user/Desktop/Lisa Alley/lisa-alley-store/frontend/components/utils/Loader.js">
        <metrics statements="5" coveredstatements="5" conditionals="0" coveredconditionals="0" methods="3" coveredmethods="3"/>
        <line num="4" count="6" type="stmt"/>
        <line num="7" count="6" type="stmt"/>
        <line num="14" count="6" type="stmt"/>
        <line num="42" count="6" type="stmt"/>
        <line num="43" count="6" type="stmt"/>
      </file>
      <file name="LocalState.js" path="/Users/user/Desktop/Lisa Alley/lisa-alley-store/frontend/components/utils/LocalState.js">
        <metrics statements="9" coveredstatements="7" conditionals="0" coveredconditionals="0" methods="4" coveredmethods="2"/>
        <line num="3" count="2" type="stmt"/>
        <line num="4" count="2" type="stmt"/>
        <line num="7" count="8" type="stmt"/>
        <line num="8" count="8" type="stmt"/>
        <line num="11" count="0" type="stmt"/>
        <line num="15" count="0" type="stmt"/>
        <line num="18" count="8" type="stmt"/>
        <line num="26" count="16" type="stmt"/>
        <line num="27" count="16" type="stmt"/>
      </file>
      <file name="PleaseSignIn.js" path="/Users/user/Desktop/Lisa Alley/lisa-alley-store/frontend/components/utils/PleaseSignIn.js">
        <metrics statements="9" coveredstatements="8" conditionals="12" coveredconditionals="10" methods="1" coveredmethods="1"/>
        <line num="6" count="1" type="stmt"/>
        <line num="7" count="4" type="stmt"/>
        <line num="8" count="4" type="cond" truecount="2" falsecount="0"/>
        <line num="9" count="2" type="cond" truecount="1" falsecount="1"/>
        <line num="10" count="2" type="cond" truecount="4" falsecount="0"/>
        <line num="11" count="1" type="stmt"/>
        <line num="18" count="1" type="cond" truecount="3" falsecount="1"/>
        <line num="19" count="1" type="stmt"/>
        <line num="21" count="0" type="stmt"/>
      </file>
      <file name="User.js" path="/Users/user/Desktop/Lisa Alley/lisa-alley-store/frontend/components/utils/User.js">
        <metrics statements="5" coveredstatements="5" conditionals="2" coveredconditionals="2" methods="1" coveredmethods="1"/>
        <line num="4" count="10" type="stmt"/>
        <line num="31" count="10" type="stmt"/>
        <line num="32" count="22" type="stmt"/>
        <line num="33" count="22" type="cond" truecount="2" falsecount="0"/>
        <line num="34" count="10" type="stmt"/>
      </file>
    </package>
    <package name="frontend.lib">
      <metrics statements="61" coveredstatements="51" conditionals="37" coveredconditionals="26" methods="23" coveredmethods="15"/>
      <file name="formatMoney.js" path="/Users/user/Desktop/Lisa Alley/lisa-alley-store/frontend/lib/formatMoney.js">
        <metrics statements="4" coveredstatements="4" conditionals="2" coveredconditionals="2" methods="1" coveredmethods="1"/>
        <line num="2" count="24" type="stmt"/>
        <line num="8" count="24" type="cond" truecount="2" falsecount="0"/>
        <line num="9" count="24" type="stmt"/>
        <line num="10" count="24" type="stmt"/>
      </file>
      <file name="testUtils.js" path="/Users/user/Desktop/Lisa Alley/lisa-alley-store/frontend/lib/testUtils.js">
        <metrics statements="18" coveredstatements="13" conditionals="2" coveredconditionals="0" methods="14" coveredmethods="6"/>
        <line num="9" count="15" type="stmt"/>
        <line num="10" count="41" type="stmt"/>
        <line num="13" count="15" type="stmt"/>
        <line num="15" count="15" type="stmt"/>
        <line num="16" count="41" type="stmt"/>
        <line num="19" count="15" type="stmt"/>
        <line num="21" count="15" type="stmt"/>
        <line num="33" count="34" type="stmt"/>
        <line num="48" count="15" type="stmt"/>
        <line num="64" count="15" type="stmt"/>
        <line num="74" count="15" type="stmt"/>
        <line num="84" count="15" type="stmt"/>
        <line num="93" count="15" type="stmt"/>
        <line num="101" count="0" type="stmt"/>
        <line num="105" count="0" type="stmt"/>
        <line num="109" count="0" type="cond" truecount="0" falsecount="2"/>
        <line num="113" count="0" type="stmt"/>
        <line num="117" count="0" type="stmt"/>
      </file>
      <file name="useForm.js" path="/Users/user/Desktop/Lisa Alley/lisa-alley-store/frontend/lib/useForm.js">
        <metrics statements="34" coveredstatements="29" conditionals="23" coveredconditionals="19" methods="6" coveredmethods="6"/>
        <line num="3" count="5" type="cond" truecount="1" falsecount="0"/>
        <line num="4" count="533" type="stmt"/>
        <line num="5" count="533" type="stmt"/>
        <line num="6" count="533" type="stmt"/>
        <line num="7" count="533" type="stmt"/>
        <line num="9" count="533" type="stmt"/>
        <line num="10" count="452" type="cond" truecount="2" falsecount="0"/>
        <line num="11" count="9" type="stmt"/>
        <line num="15" count="533" type="stmt"/>
        <line num="16" count="3" type="cond" truecount="1" falsecount="1"/>
        <line num="17" count="3" type="stmt"/>
        <line num="19" count="3" type="cond" truecount="3" falsecount="1"/>
        <line num="20" count="3" type="stmt"/>
        <line num="22" count="0" type="stmt"/>
        <line num="26" count="533" type="stmt"/>
        <line num="27" count="466" type="stmt"/>
        <line num="28" count="466" type="stmt"/>
        <line num="30" count="466" type="stmt"/>
        <line num="34" count="466" type="cond" truecount="2" falsecount="0"/>
        <line num="35" count="466" type="cond" truecount="1" falsecount="2"/>
        <line num="37" count="0" type="stmt"/>
        <line num="38" count="0" type="stmt"/>
        <line num="40" count="0" type="stmt"/>
        <line num="41" count="0" type="stmt"/>
        <line num="43" count="466" type="stmt"/>
        <line num="45" count="466" type="cond" truecount="3" falsecount="0"/>
        <line num="47" count="90" type="stmt"/>
        <line num="52" count="90" type="stmt"/>
        <line num="54" count="24" type="stmt"/>
        <line num="58" count="24" type="stmt"/>
        <line num="60" count="352" type="stmt"/>
        <line num="62" count="466" type="stmt"/>
        <line num="65" count="466" type="stmt"/>
        <line num="71" count="533" type="stmt"/>
      </file>
      <file name="withData.js" path="/Users/user/Desktop/Lisa Alley/lisa-alley-store/frontend/lib/withData.js">
        <metrics statements="5" coveredstatements="5" conditionals="10" coveredconditionals="5" methods="2" coveredmethods="2"/>
        <line num="8" count="35" type="cond" truecount="1" falsecount="1"/>
        <line num="9" count="35" type="cond" truecount="1" falsecount="1"/>
        <line num="10" count="35" type="cond" truecount="1" falsecount="1"/>
        <line num="13" count="15" type="stmt"/>
        <line num="16" count="14" type="stmt"/>
      </file>
    </package>
    <package name="frontend.mocks">
      <metrics statements="24" coveredstatements="21" conditionals="8" coveredconditionals="3" methods="10" coveredmethods="10"/>
      <file name="handlers.js" path="/Users/user/Desktop/Lisa Alley/lisa-alley-store/frontend/mocks/handlers.js">
        <metrics statements="23" coveredstatements="20" conditionals="8" coveredconditionals="3" methods="10" coveredmethods="10"/>
        <line num="4" count="15" type="stmt"/>
        <line num="14" count="15" type="stmt"/>
        <line num="26" count="15" type="stmt"/>
        <line num="28" count="15" type="stmt"/>
        <line num="35" count="10" type="stmt"/>
        <line num="40" count="1" type="stmt"/>
        <line num="44" count="4" type="stmt"/>
        <line num="55" count="3" type="stmt"/>
        <line num="56" count="3" type="cond" truecount="1" falsecount="1"/>
        <line num="57" count="3" type="stmt"/>
        <line num="62" count="0" type="cond" truecount="0" falsecount="2"/>
        <line num="63" count="0" type="stmt"/>
        <line num="75" count="3" type="stmt"/>
        <line num="76" count="3" type="cond" truecount="1" falsecount="1"/>
        <line num="77" count="3" type="stmt"/>
        <line num="90" count="1" type="stmt"/>
        <line num="91" count="1" type="cond" truecount="1" falsecount="1"/>
        <line num="92" count="1" type="stmt"/>
        <line num="101" count="0" type="stmt"/>
        <line num="113" count="1" type="stmt"/>
        <line num="125" count="1" type="stmt"/>
        <line num="135" count="1" type="stmt"/>
        <line num="145" count="1" type="stmt"/>
      </file>
      <file name="server.js" path="/Users/user/Desktop/Lisa Alley/lisa-alley-store/frontend/mocks/server.js">
        <metrics statements="1" coveredstatements="1" conditionals="0" coveredconditionals="0" methods="0" coveredmethods="0"/>
        <line num="6" count="15" type="stmt"/>
      </file>
    </package>
  </project>
</coverage>
