<?xml version="1.0" encoding="UTF-8"?>
<coverage generated="1619035984902" clover="3.2.0">
  <project timestamp="1619035984903" name="All files">
    <metrics statements="48" coveredstatements="27" conditionals="12" coveredconditionals="6" methods="17" coveredmethods="5" elements="77" coveredelements="38" complexity="0" loc="48" ncloc="48" packages="2" files="2" classes="2"/>
    <package name="components.items">
      <metrics statements="30" coveredstatements="14" conditionals="10" coveredconditionals="6" methods="3" coveredmethods="1"/>
      <file name="UpdateItem.js" path="/Users/user/Desktop/Lisa Alley/lisa-alley-store/frontend/components/items/UpdateItem.js">
        <metrics statements="30" coveredstatements="14" conditionals="10" coveredconditionals="6" methods="3" coveredmethods="1"/>
        <line num="11" count="1" type="stmt"/>
        <line num="25" count="1" type="stmt"/>
        <line num="52" count="1" type="stmt"/>
        <line num="53" count="4" type="stmt"/>
        <line num="57" count="4" type="stmt"/>
        <line num="58" count="4" type="stmt"/>
        <line num="59" count="4" type="stmt"/>
        <line num="60" count="4" type="stmt"/>
        <line num="62" count="4" type="stmt"/>
        <line num="64" count="4" type="stmt"/>
        <line num="67" count="0" type="cond" truecount="0" falsecount="2"/>
        <line num="68" count="0" type="stmt"/>
        <line num="69" count="0" type="stmt"/>
        <line num="70" count="0" type="stmt"/>
        <line num="74" count="0" type="stmt"/>
        <line num="79" count="0" type="stmt"/>
        <line num="85" count="0" type="stmt"/>
        <line num="86" count="0" type="stmt"/>
        <line num="87" count="0" type="stmt"/>
        <line num="88" count="0" type="stmt"/>
        <line num="89" count="0" type="stmt"/>
        <line num="91" count="0" type="stmt"/>
        <line num="98" count="0" type="stmt"/>
        <line num="99" count="0" type="stmt"/>
        <line num="100" count="0" type="stmt"/>
        <line num="101" count="0" type="stmt"/>
        <line num="104" count="4" type="cond" truecount="2" falsecount="0"/>
        <line num="105" count="2" type="cond" truecount="1" falsecount="1"/>
        <line num="106" count="2" type="stmt"/>
        <line num="107" count="2" type="stmt"/>
      </file>
    </package>
    <package name="lib">
      <metrics statements="18" coveredstatements="13" conditionals="2" coveredconditionals="0" methods="14" coveredmethods="4"/>
      <file name="testUtils.js" path="/Users/user/Desktop/Lisa Alley/lisa-alley-store/frontend/lib/testUtils.js">
        <metrics statements="18" coveredstatements="13" conditionals="2" coveredconditionals="0" methods="14" coveredmethods="4"/>
        <line num="9" count="1" type="stmt"/>
        <line num="10" count="2" type="stmt"/>
        <line num="17" count="1" type="stmt"/>
        <line num="19" count="1" type="stmt"/>
        <line num="20" count="2" type="stmt"/>
        <line num="23" count="1" type="stmt"/>
        <line num="25" count="1" type="stmt"/>
        <line num="37" count="1" type="stmt"/>
        <line num="52" count="1" type="stmt"/>
        <line num="68" count="1" type="stmt"/>
        <line num="78" count="1" type="stmt"/>
        <line num="88" count="1" type="stmt"/>
        <line num="97" count="1" type="stmt"/>
        <line num="105" count="0" type="stmt"/>
        <line num="109" count="0" type="stmt"/>
        <line num="113" count="0" type="cond" truecount="0" falsecount="2"/>
        <line num="117" count="0" type="stmt"/>
        <line num="121" count="0" type="stmt"/>
      </file>
    </package>
  </project>
</coverage>
