{"/Users/user/Desktop/Lisa Alley/lisa-alley-store/frontend/components/items/CreateItem.js": {"path":"/Users/user/Desktop/Lisa Alley/lisa-alley-store/frontend/components/items/CreateItem.js","statementMap":{"0":{"start":{"line":11,"column":29},"end":{"line":39,"column":1}},"1":{"start":{"line":42,"column":2},"end":{"line":49,"column":5}},"2":{"start":{"line":46,"column":8},"end":{"line":46,"column":51}},"3":{"start":{"line":53,"column":52},"end":{"line":53,"column":61}},"4":{"start":{"line":54,"column":28},"end":{"line":54,"column":40}},"5":{"start":{"line":55,"column":38},"end":{"line":55,"column":50}},"6":{"start":{"line":56,"column":46},"end":{"line":56,"column":58}},"7":{"start":{"line":57,"column":58},"end":{"line":57,"column":70}},"8":{"start":{"line":59,"column":2},"end":{"line":62,"column":40}},"9":{"start":{"line":60,"column":4},"end":{"line":60,"column":45}},"10":{"start":{"line":61,"column":4},"end":{"line":61,"column":57}},"11":{"start":{"line":64,"column":43},"end":{"line":74,"column":4}},"12":{"start":{"line":77,"column":4},"end":{"line":77,"column":37}},"13":{"start":{"line":78,"column":18},"end":{"line":78,"column":32}},"14":{"start":{"line":79,"column":17},"end":{"line":79,"column":31}},"15":{"start":{"line":80,"column":4},"end":{"line":80,"column":34}},"16":{"start":{"line":81,"column":4},"end":{"line":81,"column":45}},"17":{"start":{"line":83,"column":16},"end":{"line":89,"column":5}},"18":{"start":{"line":90,"column":17},"end":{"line":90,"column":33}},"19":{"start":{"line":91,"column":4},"end":{"line":91,"column":22}},"20":{"start":{"line":92,"column":4},"end":{"line":92,"column":30}},"21":{"start":{"line":93,"column":4},"end":{"line":93,"column":44}},"22":{"start":{"line":96,"column":2},"end":{"line":220,"column":4}},"23":{"start":{"line":100,"column":8},"end":{"line":100,"column":27}},"24":{"start":{"line":101,"column":8},"end":{"line":109,"column":9}},"25":{"start":{"line":102,"column":22},"end":{"line":102,"column":40}},"26":{"start":{"line":103,"column":10},"end":{"line":106,"column":13}},"27":{"start":{"line":108,"column":10},"end":{"line":108,"column":29}}},"fnMap":{"0":{"name":"update","decl":{"start":{"line":41,"column":9},"end":{"line":41,"column":15}},"loc":{"start":{"line":41,"column":32},"end":{"line":50,"column":1}},"line":41},"1":{"name":"(anonymous_1)","decl":{"start":{"line":45,"column":6},"end":{"line":45,"column":7}},"loc":{"start":{"line":45,"column":37},"end":{"line":47,"column":7}},"line":45},"2":{"name":"CreateItem","decl":{"start":{"line":52,"column":9},"end":{"line":52,"column":19}},"loc":{"start":{"line":52,"column":22},"end":{"line":221,"column":1}},"line":52},"3":{"name":"(anonymous_3)","decl":{"start":{"line":59,"column":12},"end":{"line":59,"column":13}},"loc":{"start":{"line":59,"column":18},"end":{"line":62,"column":3}},"line":59},"4":{"name":"uploadFile","decl":{"start":{"line":76,"column":17},"end":{"line":76,"column":27}},"loc":{"start":{"line":76,"column":31},"end":{"line":94,"column":3}},"line":76},"5":{"name":"(anonymous_5)","decl":{"start":{"line":99,"column":16},"end":{"line":99,"column":17}},"loc":{"start":{"line":99,"column":29},"end":{"line":110,"column":7}},"line":99}},"branchMap":{"0":{"loc":{"start":{"line":124,"column":11},"end":{"line":124,"column":60}},"type":"binary-expr","locations":[{"start":{"line":124,"column":11},"end":{"line":124,"column":16}},{"start":{"line":124,"column":20},"end":{"line":124,"column":60}}],"line":124},"1":{"loc":{"start":{"line":161,"column":9},"end":{"line":170,"column":9}},"type":"binary-expr","locations":[{"start":{"line":161,"column":9},"end":{"line":161,"column":32}},{"start":{"line":162,"column":10},"end":{"line":169,"column":18}}],"line":161},"2":{"loc":{"start":{"line":171,"column":9},"end":{"line":179,"column":9}},"type":"binary-expr","locations":[{"start":{"line":171,"column":9},"end":{"line":171,"column":34}},{"start":{"line":172,"column":10},"end":{"line":178,"column":18}}],"line":171},"3":{"loc":{"start":{"line":180,"column":9},"end":{"line":193,"column":9}},"type":"binary-expr","locations":[{"start":{"line":180,"column":9},"end":{"line":180,"column":35}},{"start":{"line":181,"column":10},"end":{"line":192,"column":18}}],"line":180}},"s":{"0":1,"1":0,"2":0,"3":84,"4":84,"5":84,"6":84,"7":84,"8":84,"9":37,"10":37,"11":84,"12":0,"13":0,"14":0,"15":0,"16":0,"17":0,"18":0,"19":0,"20":0,"21":0,"22":84,"23":1,"24":1,"25":1,"26":1,"27":0},"f":{"0":0,"1":0,"2":84,"3":37,"4":0,"5":1},"b":{"0":[84,0],"1":[84,0],"2":[84,0],"3":[84,0]},"_coverageSchema":"1a1c01bbd47fc00a2c39e90264f33305004495a9","hash":"24d8855c6f6f4366baa0909207e4f0b727b2596b"}
,"/Users/user/Desktop/Lisa Alley/lisa-alley-store/frontend/components/signup-signin/Signup.js": {"path":"/Users/user/Desktop/Lisa Alley/lisa-alley-store/frontend/components/signup-signin/Signup.js","statementMap":{"0":{"start":{"line":12,"column":24},"end":{"line":43,"column":1}},"1":{"start":{"line":45,"column":15},"end":{"line":193,"column":1}},"2":{"start":{"line":46,"column":47},"end":{"line":46,"column":75}},"3":{"start":{"line":48,"column":44},"end":{"line":48,"column":59}},"4":{"start":{"line":50,"column":21},"end":{"line":59,"column":3}},"5":{"start":{"line":61,"column":57},"end":{"line":64,"column":3}},"6":{"start":{"line":67,"column":4},"end":{"line":80,"column":5}},"7":{"start":{"line":68,"column":6},"end":{"line":79,"column":7}},"8":{"start":{"line":69,"column":8},"end":{"line":69,"column":31}},"9":{"start":{"line":70,"column":8},"end":{"line":73,"column":11}},"10":{"start":{"line":74,"column":8},"end":{"line":76,"column":11}},"11":{"start":{"line":78,"column":8},"end":{"line":78,"column":27}},"12":{"start":{"line":83,"column":2},"end":{"line":192,"column":4}}},"fnMap":{"0":{"name":"(anonymous_0)","decl":{"start":{"line":45,"column":15},"end":{"line":45,"column":16}},"loc":{"start":{"line":45,"column":21},"end":{"line":193,"column":1}},"line":45},"1":{"name":"callback","decl":{"start":{"line":66,"column":17},"end":{"line":66,"column":25}},"loc":{"start":{"line":66,"column":28},"end":{"line":81,"column":3}},"line":66}},"branchMap":{"0":{"loc":{"start":{"line":67,"column":4},"end":{"line":80,"column":5}},"type":"if","locations":[{"start":{"line":67,"column":4},"end":{"line":80,"column":5}},{"start":{"line":67,"column":4},"end":{"line":80,"column":5}}],"line":67},"1":{"loc":{"start":{"line":94,"column":9},"end":{"line":94,"column":72}},"type":"binary-expr","locations":[{"start":{"line":94,"column":9},"end":{"line":94,"column":20}},{"start":{"line":94,"column":24},"end":{"line":94,"column":72}}],"line":94},"2":{"loc":{"start":{"line":95,"column":9},"end":{"line":95,"column":51}},"type":"binary-expr","locations":[{"start":{"line":95,"column":9},"end":{"line":95,"column":15}},{"start":{"line":95,"column":19},"end":{"line":95,"column":24}},{"start":{"line":95,"column":28},"end":{"line":95,"column":51}}],"line":95},"3":{"loc":{"start":{"line":96,"column":9},"end":{"line":96,"column":79}},"type":"binary-expr","locations":[{"start":{"line":96,"column":9},"end":{"line":96,"column":17}},{"start":{"line":96,"column":21},"end":{"line":96,"column":27}},{"start":{"line":96,"column":31},"end":{"line":96,"column":37}},{"start":{"line":96,"column":41},"end":{"line":96,"column":79}}],"line":96},"4":{"loc":{"start":{"line":108,"column":9},"end":{"line":108,"column":74}},"type":"binary-expr","locations":[{"start":{"line":108,"column":9},"end":{"line":108,"column":21}},{"start":{"line":108,"column":25},"end":{"line":108,"column":74}}],"line":108},"5":{"loc":{"start":{"line":131,"column":9},"end":{"line":133,"column":9}},"type":"binary-expr","locations":[{"start":{"line":131,"column":9},"end":{"line":131,"column":24}},{"start":{"line":132,"column":10},"end":{"line":132,"column":62}}],"line":131}},"s":{"0":1,"1":1,"2":174,"3":174,"4":174,"5":174,"6":3,"7":1,"8":1,"9":1,"10":1,"11":1,"12":174},"f":{"0":174,"1":3},"b":{"0":[1,2],"1":[174,0],"2":[174,2,0],"3":[174,173,173,1],"4":[174,40],"5":[174,7]},"_coverageSchema":"1a1c01bbd47fc00a2c39e90264f33305004495a9","hash":"925a8d422b60cf9ca689dee63e886897cc136123"}
}
