{"/Users/user/Desktop/Lisa Alley/lisa-alley-store/frontend/config.js": {"path":"/Users/user/Desktop/Lisa Alley/lisa-alley-store/frontend/config.js","statementMap":{"0":{"start":{"line":2,"column":24},"end":{"line":2,"column":47}},"1":{"start":{"line":3,"column":28},"end":{"line":3,"column":56}},"2":{"start":{"line":5,"column":28},"end":{"line":5,"column":29}},"3":{"start":{"line":6,"column":23},"end":{"line":6,"column":24}},"4":{"start":{"line":7,"column":29},"end":{"line":7,"column":30}}},"fnMap":{},"branchMap":{},"s":{"0":15,"1":15,"2":15,"3":15,"4":15},"f":{},"b":{},"_coverageSchema":"1a1c01bbd47fc00a2c39e90264f33305004495a9","hash":"cb1876309604de8f50f31b5ecf30ec29fff43edd"}
,"/Users/user/Desktop/Lisa Alley/lisa-alley-store/frontend/components/burger-menu/BurgerCartCount.js": {"path":"/Users/user/Desktop/Lisa Alley/lisa-alley-store/frontend/components/burger-menu/BurgerCartCount.js","statementMap":{"0":{"start":{"line":5,"column":24},"end":{"line":28,"column":1}},"1":{"start":{"line":30,"column":12},"end":{"line":41,"column":1}},"2":{"start":{"line":31,"column":27},"end":{"line":31,"column":45}},"3":{"start":{"line":32,"column":22},"end":{"line":32,"column":38}},"4":{"start":{"line":43,"column":18},"end":{"line":57,"column":1}},"5":{"start":{"line":44,"column":2},"end":{"line":56,"column":20}}},"fnMap":{"0":{"name":"(anonymous_0)","decl":{"start":{"line":31,"column":16},"end":{"line":31,"column":17}},"loc":{"start":{"line":31,"column":27},"end":{"line":31,"column":45}},"line":31},"1":{"name":"(anonymous_1)","decl":{"start":{"line":32,"column":11},"end":{"line":32,"column":12}},"loc":{"start":{"line":32,"column":22},"end":{"line":32,"column":38}},"line":32},"2":{"name":"(anonymous_2)","decl":{"start":{"line":43,"column":18},"end":{"line":43,"column":19}},"loc":{"start":{"line":44,"column":2},"end":{"line":56,"column":20}},"line":44}},"branchMap":{},"s":{"0":1,"1":1,"2":3,"3":3,"4":1,"5":3},"f":{"0":3,"1":3,"2":3},"b":{},"_coverageSchema":"1a1c01bbd47fc00a2c39e90264f33305004495a9","hash":"d34d2a81a3236c90c2db7b92e84a73126864b34f"}
,"/Users/user/Desktop/Lisa Alley/lisa-alley-store/frontend/components/burger-menu/HamburgerMenu.js": {"path":"/Users/user/Desktop/Lisa Alley/lisa-alley-store/frontend/components/burger-menu/HamburgerMenu.js","statementMap":{"0":{"start":{"line":9,"column":22},"end":{"line":88,"column":1}},"1":{"start":{"line":10,"column":13},"end":{"line":10,"column":22}},"2":{"start":{"line":11,"column":51},"end":{"line":11,"column":64}},"3":{"start":{"line":13,"column":26},"end":{"line":15,"column":3}},"4":{"start":{"line":14,"column":4},"end":{"line":14,"column":19}},"5":{"start":{"line":18,"column":4},"end":{"line":22,"column":11}},"6":{"start":{"line":25,"column":4},"end":{"line":29,"column":11}},"7":{"start":{"line":32,"column":4},"end":{"line":36,"column":11}},"8":{"start":{"line":39,"column":4},"end":{"line":43,"column":11}},"9":{"start":{"line":45,"column":24},"end":{"line":45,"column":76}},"10":{"start":{"line":47,"column":4},"end":{"line":63,"column":5}},"11":{"start":{"line":51,"column":8},"end":{"line":51,"column":23}},"12":{"start":{"line":52,"column":8},"end":{"line":52,"column":21}},"13":{"start":{"line":58,"column":31},"end":{"line":58,"column":56}},"14":{"start":{"line":65,"column":21},"end":{"line":65,"column":103}},"15":{"start":{"line":67,"column":2},"end":{"line":87,"column":4}}},"fnMap":{"0":{"name":"(anonymous_0)","decl":{"start":{"line":9,"column":22},"end":{"line":9,"column":23}},"loc":{"start":{"line":9,"column":28},"end":{"line":88,"column":1}},"line":9},"1":{"name":"(anonymous_1)","decl":{"start":{"line":13,"column":26},"end":{"line":13,"column":27}},"loc":{"start":{"line":13,"column":32},"end":{"line":15,"column":3}},"line":13},"2":{"name":"CartLink","decl":{"start":{"line":46,"column":11},"end":{"line":46,"column":19}},"loc":{"start":{"line":46,"column":27},"end":{"line":64,"column":3}},"line":46},"3":{"name":"(anonymous_3)","decl":{"start":{"line":50,"column":15},"end":{"line":50,"column":16}},"loc":{"start":{"line":50,"column":21},"end":{"line":53,"column":7}},"line":50},"4":{"name":"(anonymous_4)","decl":{"start":{"line":58,"column":10},"end":{"line":58,"column":11}},"loc":{"start":{"line":58,"column":31},"end":{"line":58,"column":56}},"line":58}},"branchMap":{"0":{"loc":{"start":{"line":73,"column":9},"end":{"line":73,"column":59}},"type":"binary-expr","locations":[{"start":{"line":73,"column":9},"end":{"line":73,"column":11}},{"start":{"line":73,"column":15},"end":{"line":73,"column":47}},{"start":{"line":73,"column":51},"end":{"line":73,"column":59}}],"line":73},"1":{"loc":{"start":{"line":76,"column":9},"end":{"line":76,"column":60}},"type":"binary-expr","locations":[{"start":{"line":76,"column":9},"end":{"line":76,"column":11}},{"start":{"line":76,"column":15},"end":{"line":76,"column":46}},{"start":{"line":76,"column":50},"end":{"line":76,"column":60}}],"line":76},"2":{"loc":{"start":{"line":77,"column":9},"end":{"line":77,"column":61}},"type":"binary-expr","locations":[{"start":{"line":77,"column":9},"end":{"line":77,"column":11}},{"start":{"line":77,"column":15},"end":{"line":77,"column":46}},{"start":{"line":77,"column":50},"end":{"line":77,"column":61}}],"line":77},"3":{"loc":{"start":{"line":78,"column":9},"end":{"line":78,"column":63}},"type":"binary-expr","locations":[{"start":{"line":78,"column":9},"end":{"line":78,"column":11}},{"start":{"line":78,"column":15},"end":{"line":78,"column":46}},{"start":{"line":78,"column":50},"end":{"line":78,"column":63}}],"line":78},"4":{"loc":{"start":{"line":79,"column":9},"end":{"line":79,"column":61}},"type":"binary-expr","locations":[{"start":{"line":79,"column":9},"end":{"line":79,"column":11}},{"start":{"line":79,"column":15},"end":{"line":79,"column":47}},{"start":{"line":79,"column":51},"end":{"line":79,"column":61}}],"line":79},"5":{"loc":{"start":{"line":80,"column":9},"end":{"line":82,"column":9}},"type":"binary-expr","locations":[{"start":{"line":80,"column":9},"end":{"line":80,"column":11}},{"start":{"line":81,"column":10},"end":{"line":81,"column":29}}],"line":80},"6":{"loc":{"start":{"line":84,"column":9},"end":{"line":84,"column":26}},"type":"binary-expr","locations":[{"start":{"line":84,"column":9},"end":{"line":84,"column":12}},{"start":{"line":84,"column":16},"end":{"line":84,"column":26}}],"line":84}},"s":{"0":1,"1":8,"2":8,"3":8,"4":0,"5":8,"6":8,"7":8,"8":8,"9":8,"10":3,"11":0,"12":0,"13":3,"14":8,"15":8},"f":{"0":8,"1":0,"2":3,"3":0,"4":3},"b":{"0":[8,3,1],"1":[8,3,2],"2":[8,3,2],"3":[8,3,2],"4":[8,3,0],"5":[8,3],"6":[8,5]},"_coverageSchema":"1a1c01bbd47fc00a2c39e90264f33305004495a9","hash":"889619710b575765069afe643ba4f92e977a1664"}
,"/Users/user/Desktop/Lisa Alley/lisa-alley-store/frontend/components/cart/CartCount.js": {"path":"/Users/user/Desktop/Lisa Alley/lisa-alley-store/frontend/components/cart/CartCount.js","statementMap":{"0":{"start":{"line":6,"column":24},"end":{"line":29,"column":1}},"1":{"start":{"line":31,"column":12},"end":{"line":42,"column":1}},"2":{"start":{"line":32,"column":27},"end":{"line":32,"column":43}},"3":{"start":{"line":44,"column":18},"end":{"line":58,"column":1}},"4":{"start":{"line":45,"column":2},"end":{"line":57,"column":20}}},"fnMap":{"0":{"name":"(anonymous_0)","decl":{"start":{"line":32,"column":16},"end":{"line":32,"column":17}},"loc":{"start":{"line":32,"column":27},"end":{"line":32,"column":43}},"line":32},"1":{"name":"(anonymous_1)","decl":{"start":{"line":44,"column":18},"end":{"line":44,"column":19}},"loc":{"start":{"line":45,"column":2},"end":{"line":57,"column":20}},"line":45}},"branchMap":{},"s":{"0":1,"1":1,"2":3,"3":1,"4":3},"f":{"0":3,"1":3},"b":{},"_coverageSchema":"1a1c01bbd47fc00a2c39e90264f33305004495a9","hash":"f247057f1fa1c9b409e72c23aa1bebb0a6c82607"}
,"/Users/user/Desktop/Lisa Alley/lisa-alley-store/frontend/components/items/CreateItem.js": {"path":"/Users/user/Desktop/Lisa Alley/lisa-alley-store/frontend/components/items/CreateItem.js","statementMap":{"0":{"start":{"line":10,"column":29},"end":{"line":38,"column":1}},"1":{"start":{"line":41,"column":2},"end":{"line":48,"column":5}},"2":{"start":{"line":45,"column":8},"end":{"line":45,"column":51}},"3":{"start":{"line":52,"column":52},"end":{"line":52,"column":61}},"4":{"start":{"line":53,"column":28},"end":{"line":53,"column":40}},"5":{"start":{"line":54,"column":38},"end":{"line":54,"column":50}},"6":{"start":{"line":55,"column":46},"end":{"line":55,"column":58}},"7":{"start":{"line":56,"column":58},"end":{"line":56,"column":70}},"8":{"start":{"line":58,"column":2},"end":{"line":61,"column":40}},"9":{"start":{"line":59,"column":4},"end":{"line":59,"column":45}},"10":{"start":{"line":60,"column":4},"end":{"line":60,"column":57}},"11":{"start":{"line":63,"column":43},"end":{"line":73,"column":4}},"12":{"start":{"line":76,"column":4},"end":{"line":76,"column":37}},"13":{"start":{"line":77,"column":18},"end":{"line":77,"column":32}},"14":{"start":{"line":78,"column":17},"end":{"line":78,"column":31}},"15":{"start":{"line":79,"column":4},"end":{"line":79,"column":34}},"16":{"start":{"line":80,"column":4},"end":{"line":80,"column":45}},"17":{"start":{"line":82,"column":16},"end":{"line":88,"column":5}},"18":{"start":{"line":89,"column":17},"end":{"line":89,"column":33}},"19":{"start":{"line":90,"column":4},"end":{"line":90,"column":22}},"20":{"start":{"line":91,"column":4},"end":{"line":91,"column":30}},"21":{"start":{"line":92,"column":4},"end":{"line":92,"column":44}},"22":{"start":{"line":95,"column":2},"end":{"line":95,"column":21}},"23":{"start":{"line":96,"column":2},"end":{"line":220,"column":4}},"24":{"start":{"line":100,"column":8},"end":{"line":100,"column":27}},"25":{"start":{"line":101,"column":8},"end":{"line":109,"column":9}},"26":{"start":{"line":102,"column":22},"end":{"line":102,"column":40}},"27":{"start":{"line":103,"column":10},"end":{"line":106,"column":13}},"28":{"start":{"line":108,"column":10},"end":{"line":108,"column":29}}},"fnMap":{"0":{"name":"update","decl":{"start":{"line":40,"column":9},"end":{"line":40,"column":15}},"loc":{"start":{"line":40,"column":32},"end":{"line":49,"column":1}},"line":40},"1":{"name":"(anonymous_1)","decl":{"start":{"line":44,"column":6},"end":{"line":44,"column":7}},"loc":{"start":{"line":44,"column":37},"end":{"line":46,"column":7}},"line":44},"2":{"name":"CreateItem","decl":{"start":{"line":51,"column":9},"end":{"line":51,"column":19}},"loc":{"start":{"line":51,"column":22},"end":{"line":221,"column":1}},"line":51},"3":{"name":"(anonymous_3)","decl":{"start":{"line":58,"column":12},"end":{"line":58,"column":13}},"loc":{"start":{"line":58,"column":18},"end":{"line":61,"column":3}},"line":58},"4":{"name":"uploadFile","decl":{"start":{"line":75,"column":17},"end":{"line":75,"column":27}},"loc":{"start":{"line":75,"column":31},"end":{"line":93,"column":3}},"line":75},"5":{"name":"(anonymous_5)","decl":{"start":{"line":99,"column":16},"end":{"line":99,"column":17}},"loc":{"start":{"line":99,"column":29},"end":{"line":110,"column":7}},"line":99}},"branchMap":{"0":{"loc":{"start":{"line":124,"column":11},"end":{"line":124,"column":60}},"type":"binary-expr","locations":[{"start":{"line":124,"column":11},"end":{"line":124,"column":16}},{"start":{"line":124,"column":20},"end":{"line":124,"column":60}}],"line":124},"1":{"loc":{"start":{"line":161,"column":9},"end":{"line":170,"column":9}},"type":"binary-expr","locations":[{"start":{"line":161,"column":9},"end":{"line":161,"column":32}},{"start":{"line":162,"column":10},"end":{"line":169,"column":18}}],"line":161},"2":{"loc":{"start":{"line":171,"column":9},"end":{"line":179,"column":9}},"type":"binary-expr","locations":[{"start":{"line":171,"column":9},"end":{"line":171,"column":34}},{"start":{"line":172,"column":10},"end":{"line":178,"column":18}}],"line":171},"3":{"loc":{"start":{"line":180,"column":9},"end":{"line":193,"column":9}},"type":"binary-expr","locations":[{"start":{"line":180,"column":9},"end":{"line":180,"column":35}},{"start":{"line":181,"column":10},"end":{"line":192,"column":18}}],"line":180}},"s":{"0":1,"1":0,"2":0,"3":84,"4":84,"5":84,"6":84,"7":84,"8":84,"9":37,"10":37,"11":84,"12":0,"13":0,"14":0,"15":0,"16":0,"17":0,"18":0,"19":0,"20":0,"21":0,"22":84,"23":84,"24":1,"25":1,"26":1,"27":1,"28":0},"f":{"0":0,"1":0,"2":84,"3":37,"4":0,"5":1},"b":{"0":[84,0],"1":[84,0],"2":[84,0],"3":[84,0]},"_coverageSchema":"1a1c01bbd47fc00a2c39e90264f33305004495a9","hash":"33de1eb8d76a458b9255cb1222b1a6aff5c67cea"}
,"/Users/user/Desktop/Lisa Alley/lisa-alley-store/frontend/components/items/Items.js": {"path":"/Users/user/Desktop/Lisa Alley/lisa-alley-store/frontend/components/items/Items.js","statementMap":{"0":{"start":{"line":12,"column":24},"end":{"line":24,"column":1}},"1":{"start":{"line":26,"column":14},"end":{"line":46,"column":1}},"2":{"start":{"line":27,"column":13},"end":{"line":27,"column":22}},"3":{"start":{"line":28,"column":35},"end":{"line":30,"column":4}},"4":{"start":{"line":31,"column":2},"end":{"line":45,"column":4}},"5":{"start":{"line":39,"column":12},"end":{"line":39,"column":54}}},"fnMap":{"0":{"name":"(anonymous_0)","decl":{"start":{"line":26,"column":14},"end":{"line":26,"column":15}},"loc":{"start":{"line":26,"column":28},"end":{"line":46,"column":1}},"line":26},"1":{"name":"(anonymous_1)","decl":{"start":{"line":38,"column":26},"end":{"line":38,"column":27}},"loc":{"start":{"line":39,"column":12},"end":{"line":39,"column":54}},"line":39}},"branchMap":{"0":{"loc":{"start":{"line":34,"column":7},"end":{"line":34,"column":45}},"type":"binary-expr","locations":[{"start":{"line":34,"column":7},"end":{"line":34,"column":14}},{"start":{"line":34,"column":18},"end":{"line":34,"column":45}}],"line":34},"1":{"loc":{"start":{"line":35,"column":7},"end":{"line":35,"column":38}},"type":"binary-expr","locations":[{"start":{"line":35,"column":7},"end":{"line":35,"column":12}},{"start":{"line":35,"column":16},"end":{"line":35,"column":38}}],"line":35},"2":{"loc":{"start":{"line":36,"column":7},"end":{"line":42,"column":7}},"type":"binary-expr","locations":[{"start":{"line":36,"column":7},"end":{"line":36,"column":15}},{"start":{"line":36,"column":19},"end":{"line":36,"column":25}},{"start":{"line":37,"column":8},"end":{"line":41,"column":20}}],"line":36}},"s":{"0":4,"1":4,"2":0,"3":0,"4":0,"5":0},"f":{"0":0,"1":0},"b":{"0":[0,0],"1":[0,0],"2":[0,0,0]},"_coverageSchema":"1a1c01bbd47fc00a2c39e90264f33305004495a9","hash":"cfa37e795c209939b478781e552340f11e802555"}
,"/Users/user/Desktop/Lisa Alley/lisa-alley-store/frontend/components/items/Pagination.js": {"path":"/Users/user/Desktop/Lisa Alley/lisa-alley-store/frontend/components/items/Pagination.js","statementMap":{"0":{"start":{"line":10,"column":25},"end":{"line":18,"column":1}},"1":{"start":{"line":20,"column":19},"end":{"line":67,"column":1}},"2":{"start":{"line":21,"column":35},"end":{"line":21,"column":61}},"3":{"start":{"line":22,"column":2},"end":{"line":22,"column":33}},"4":{"start":{"line":22,"column":15},"end":{"line":22,"column":33}},"5":{"start":{"line":23,"column":2},"end":{"line":23,"column":44}},"6":{"start":{"line":23,"column":13},"end":{"line":23,"column":44}},"7":{"start":{"line":24,"column":14},"end":{"line":24,"column":15}},"8":{"start":{"line":25,"column":14},"end":{"line":25,"column":15}},"9":{"start":{"line":26,"column":2},"end":{"line":66,"column":3}},"10":{"start":{"line":27,"column":4},"end":{"line":27,"column":49}},"11":{"start":{"line":28,"column":4},"end":{"line":28,"column":39}},"12":{"start":{"line":29,"column":4},"end":{"line":65,"column":6}}},"fnMap":{"0":{"name":"(anonymous_0)","decl":{"start":{"line":20,"column":19},"end":{"line":20,"column":20}},"loc":{"start":{"line":20,"column":33},"end":{"line":67,"column":1}},"line":20}},"branchMap":{"0":{"loc":{"start":{"line":22,"column":2},"end":{"line":22,"column":33}},"type":"if","locations":[{"start":{"line":22,"column":2},"end":{"line":22,"column":33}},{"start":{"line":22,"column":2},"end":{"line":22,"column":33}}],"line":22},"1":{"loc":{"start":{"line":23,"column":2},"end":{"line":23,"column":44}},"type":"if","locations":[{"start":{"line":23,"column":2},"end":{"line":23,"column":44}},{"start":{"line":23,"column":2},"end":{"line":23,"column":44}}],"line":23},"2":{"loc":{"start":{"line":26,"column":2},"end":{"line":66,"column":3}},"type":"if","locations":[{"start":{"line":26,"column":2},"end":{"line":66,"column":3}},{"start":{"line":26,"column":2},"end":{"line":66,"column":3}}],"line":26},"3":{"loc":{"start":{"line":26,"column":6},"end":{"line":26,"column":24}},"type":"binary-expr","locations":[{"start":{"line":26,"column":6},"end":{"line":26,"column":14}},{"start":{"line":26,"column":18},"end":{"line":26,"column":24}}],"line":26}},"s":{"0":5,"1":5,"2":9,"3":9,"4":5,"5":4,"6":0,"7":4,"8":4,"9":4,"10":4,"11":4,"12":4},"f":{"0":9},"b":{"0":[5,4],"1":[0,4],"2":[4,0],"3":[4,4]},"_coverageSchema":"1a1c01bbd47fc00a2c39e90264f33305004495a9","hash":"e1ef20da534486e04a9dfc66ab1056d700e802f4"}
,"/Users/user/Desktop/Lisa Alley/lisa-alley-store/frontend/components/items/SingleItem.js": {"path":"/Users/user/Desktop/Lisa Alley/lisa-alley-store/frontend/components/items/SingleItem.js","statementMap":{"0":{"start":{"line":13,"column":26},"end":{"line":28,"column":1}},"1":{"start":{"line":30,"column":19},"end":{"line":78,"column":1}},"2":{"start":{"line":31,"column":13},"end":{"line":31,"column":22}},"3":{"start":{"line":32,"column":35},"end":{"line":34,"column":4}},"4":{"start":{"line":35,"column":2},"end":{"line":35,"column":44}},"5":{"start":{"line":35,"column":13},"end":{"line":35,"column":44}},"6":{"start":{"line":36,"column":2},"end":{"line":36,"column":40}},"7":{"start":{"line":36,"column":15},"end":{"line":36,"column":40}},"8":{"start":{"line":37,"column":2},"end":{"line":37,"column":55}},"9":{"start":{"line":37,"column":18},"end":{"line":37,"column":55}},"10":{"start":{"line":38,"column":19},"end":{"line":38,"column":23}},"11":{"start":{"line":39,"column":2},"end":{"line":77,"column":4}}},"fnMap":{"0":{"name":"(anonymous_0)","decl":{"start":{"line":30,"column":19},"end":{"line":30,"column":20}},"loc":{"start":{"line":30,"column":31},"end":{"line":78,"column":1}},"line":30}},"branchMap":{"0":{"loc":{"start":{"line":35,"column":2},"end":{"line":35,"column":44}},"type":"if","locations":[{"start":{"line":35,"column":2},"end":{"line":35,"column":44}},{"start":{"line":35,"column":2},"end":{"line":35,"column":44}}],"line":35},"1":{"loc":{"start":{"line":36,"column":2},"end":{"line":36,"column":40}},"type":"if","locations":[{"start":{"line":36,"column":2},"end":{"line":36,"column":40}},{"start":{"line":36,"column":2},"end":{"line":36,"column":40}}],"line":36},"2":{"loc":{"start":{"line":37,"column":2},"end":{"line":37,"column":55}},"type":"if","locations":[{"start":{"line":37,"column":2},"end":{"line":37,"column":55}},{"start":{"line":37,"column":2},"end":{"line":37,"column":55}}],"line":37},"3":{"loc":{"start":{"line":60,"column":11},"end":{"line":60,"column":84}},"type":"cond-expr","locations":[{"start":{"line":60,"column":32},"end":{"line":60,"column":57}},{"start":{"line":60,"column":59},"end":{"line":60,"column":84}}],"line":60},"4":{"loc":{"start":{"line":61,"column":11},"end":{"line":73,"column":11}},"type":"binary-expr","locations":[{"start":{"line":61,"column":11},"end":{"line":61,"column":13}},{"start":{"line":61,"column":17},"end":{"line":61,"column":49}},{"start":{"line":62,"column":10},"end":{"line":72,"column":13}}],"line":61}},"s":{"0":1,"1":1,"2":6,"3":6,"4":6,"5":1,"6":5,"7":4,"8":1,"9":0,"10":1,"11":1},"f":{"0":6},"b":{"0":[1,5],"1":[4,1],"2":[0,1],"3":[1,0],"4":[1,1,1]},"_coverageSchema":"1a1c01bbd47fc00a2c39e90264f33305004495a9","hash":"bbc5596269c19c7935d0fd2a41b74f8314403029"}
,"/Users/user/Desktop/Lisa Alley/lisa-alley-store/frontend/components/items/UpdateItem.js": {"path":"/Users/user/Desktop/Lisa Alley/lisa-alley-store/frontend/components/items/UpdateItem.js","statementMap":{"0":{"start":{"line":10,"column":26},"end":{"line":22,"column":1}},"1":{"start":{"line":24,"column":29},"end":{"line":49,"column":1}},"2":{"start":{"line":51,"column":19},"end":{"line":179,"column":1}},"3":{"start":{"line":52,"column":35},"end":{"line":54,"column":4}},"4":{"start":{"line":56,"column":23},"end":{"line":56,"column":56}},"5":{"start":{"line":57,"column":23},"end":{"line":57,"column":35}},"6":{"start":{"line":58,"column":26},"end":{"line":58,"column":49}},"7":{"start":{"line":59,"column":24},"end":{"line":59,"column":45}},"8":{"start":{"line":61,"column":44},"end":{"line":61,"column":59}},"9":{"start":{"line":64,"column":49},"end":{"line":64,"column":66}},"10":{"start":{"line":67,"column":4},"end":{"line":81,"column":5}},"11":{"start":{"line":68,"column":6},"end":{"line":80,"column":7}},"12":{"start":{"line":69,"column":8},"end":{"line":69,"column":31}},"13":{"start":{"line":70,"column":8},"end":{"line":73,"column":11}},"14":{"start":{"line":74,"column":8},"end":{"line":77,"column":11}},"15":{"start":{"line":79,"column":8},"end":{"line":79,"column":27}},"16":{"start":{"line":85,"column":4},"end":{"line":85,"column":37}},"17":{"start":{"line":86,"column":18},"end":{"line":86,"column":32}},"18":{"start":{"line":87,"column":17},"end":{"line":87,"column":31}},"19":{"start":{"line":88,"column":4},"end":{"line":88,"column":34}},"20":{"start":{"line":89,"column":4},"end":{"line":89,"column":45}},"21":{"start":{"line":91,"column":16},"end":{"line":97,"column":5}},"22":{"start":{"line":98,"column":17},"end":{"line":98,"column":33}},"23":{"start":{"line":99,"column":4},"end":{"line":99,"column":22}},"24":{"start":{"line":100,"column":4},"end":{"line":100,"column":30}},"25":{"start":{"line":101,"column":4},"end":{"line":101,"column":44}},"26":{"start":{"line":104,"column":2},"end":{"line":104,"column":40}},"27":{"start":{"line":104,"column":15},"end":{"line":104,"column":40}},"28":{"start":{"line":105,"column":2},"end":{"line":105,"column":44}},"29":{"start":{"line":105,"column":13},"end":{"line":105,"column":44}},"30":{"start":{"line":106,"column":19},"end":{"line":106,"column":23}},"31":{"start":{"line":107,"column":2},"end":{"line":178,"column":4}}},"fnMap":{"0":{"name":"(anonymous_0)","decl":{"start":{"line":51,"column":19},"end":{"line":51,"column":20}},"loc":{"start":{"line":51,"column":31},"end":{"line":179,"column":1}},"line":51},"1":{"name":"callback","decl":{"start":{"line":66,"column":11},"end":{"line":66,"column":19}},"loc":{"start":{"line":66,"column":22},"end":{"line":82,"column":3}},"line":66},"2":{"name":"uploadFile","decl":{"start":{"line":84,"column":17},"end":{"line":84,"column":27}},"loc":{"start":{"line":84,"column":31},"end":{"line":102,"column":3}},"line":84}},"branchMap":{"0":{"loc":{"start":{"line":67,"column":4},"end":{"line":81,"column":5}},"type":"if","locations":[{"start":{"line":67,"column":4},"end":{"line":81,"column":5}},{"start":{"line":67,"column":4},"end":{"line":81,"column":5}}],"line":67},"1":{"loc":{"start":{"line":104,"column":2},"end":{"line":104,"column":40}},"type":"if","locations":[{"start":{"line":104,"column":2},"end":{"line":104,"column":40}},{"start":{"line":104,"column":2},"end":{"line":104,"column":40}}],"line":104},"2":{"loc":{"start":{"line":105,"column":2},"end":{"line":105,"column":44}},"type":"if","locations":[{"start":{"line":105,"column":2},"end":{"line":105,"column":44}},{"start":{"line":105,"column":2},"end":{"line":105,"column":44}}],"line":105},"3":{"loc":{"start":{"line":113,"column":11},"end":{"line":113,"column":70}},"type":"binary-expr","locations":[{"start":{"line":113,"column":11},"end":{"line":113,"column":21}},{"start":{"line":113,"column":25},"end":{"line":113,"column":70}}],"line":113},"4":{"loc":{"start":{"line":175,"column":34},"end":{"line":175,"column":55}},"type":"cond-expr","locations":[{"start":{"line":175,"column":44},"end":{"line":175,"column":49}},{"start":{"line":175,"column":52},"end":{"line":175,"column":55}}],"line":175}},"s":{"0":1,"1":1,"2":1,"3":56,"4":56,"5":56,"6":56,"7":56,"8":56,"9":56,"10":0,"11":0,"12":0,"13":0,"14":0,"15":0,"16":0,"17":0,"18":0,"19":0,"20":0,"21":0,"22":0,"23":0,"24":0,"25":0,"26":56,"27":2,"28":54,"29":0,"30":54,"31":54},"f":{"0":56,"1":0,"2":0},"b":{"0":[0,0],"1":[2,54],"2":[0,54],"3":[54,54],"4":[0,54]},"_coverageSchema":"1a1c01bbd47fc00a2c39e90264f33305004495a9","hash":"56bc77a0548b6ba2853e302d224457c1e3debed2"}
,"/Users/user/Desktop/Lisa Alley/lisa-alley-store/frontend/components/items/item-card/AddToCart.js": {"path":"/Users/user/Desktop/Lisa Alley/lisa-alley-store/frontend/components/items/item-card/AddToCart.js","statementMap":{"0":{"start":{"line":5,"column":29},"end":{"line":12,"column":1}},"1":{"start":{"line":14,"column":18},"end":{"line":27,"column":1}},"2":{"start":{"line":15,"column":42},"end":{"line":18,"column":4}},"3":{"start":{"line":19,"column":2},"end":{"line":26,"column":4}}},"fnMap":{"0":{"name":"(anonymous_0)","decl":{"start":{"line":14,"column":18},"end":{"line":14,"column":19}},"loc":{"start":{"line":14,"column":30},"end":{"line":27,"column":1}},"line":14}},"branchMap":{"0":{"loc":{"start":{"line":21,"column":7},"end":{"line":21,"column":50}},"type":"binary-expr","locations":[{"start":{"line":21,"column":7},"end":{"line":21,"column":12}},{"start":{"line":21,"column":16},"end":{"line":21,"column":28}},{"start":{"line":21,"column":32},"end":{"line":21,"column":50}}],"line":21},"1":{"loc":{"start":{"line":23,"column":12},"end":{"line":23,"column":28}},"type":"binary-expr","locations":[{"start":{"line":23,"column":12},"end":{"line":23,"column":19}},{"start":{"line":23,"column":23},"end":{"line":23,"column":28}}],"line":23}},"s":{"0":4,"1":4,"2":2,"3":2},"f":{"0":2},"b":{"0":[2,0,0],"1":[2,0]},"_coverageSchema":"1a1c01bbd47fc00a2c39e90264f33305004495a9","hash":"7f5b652beee0952ea29b9da5ce97db99d48c9548"}
,"/Users/user/Desktop/Lisa Alley/lisa-alley-store/frontend/components/items/item-card/DeleteItem.js": {"path":"/Users/user/Desktop/Lisa Alley/lisa-alley-store/frontend/components/items/item-card/DeleteItem.js","statementMap":{"0":{"start":{"line":5,"column":29},"end":{"line":11,"column":1}},"1":{"start":{"line":14,"column":19},"end":{"line":47,"column":1}},"2":{"start":{"line":18,"column":17},"end":{"line":18,"column":60}},"3":{"start":{"line":20,"column":25},"end":{"line":22,"column":5}},"4":{"start":{"line":21,"column":16},"end":{"line":21,"column":54}},"5":{"start":{"line":24,"column":4},"end":{"line":28,"column":10}},"6":{"start":{"line":30,"column":34},"end":{"line":33,"column":4}},"7":{"start":{"line":34,"column":2},"end":{"line":46,"column":4}},"8":{"start":{"line":37,"column":8},"end":{"line":41,"column":9}},"9":{"start":{"line":38,"column":10},"end":{"line":40,"column":13}},"10":{"start":{"line":39,"column":12},"end":{"line":39,"column":31}}},"fnMap":{"0":{"name":"(anonymous_0)","decl":{"start":{"line":14,"column":19},"end":{"line":14,"column":20}},"loc":{"start":{"line":14,"column":41},"end":{"line":47,"column":1}},"line":14},"1":{"name":"update","decl":{"start":{"line":15,"column":11},"end":{"line":15,"column":17}},"loc":{"start":{"line":15,"column":34},"end":{"line":29,"column":3}},"line":15},"2":{"name":"(anonymous_2)","decl":{"start":{"line":21,"column":6},"end":{"line":21,"column":7}},"loc":{"start":{"line":21,"column":16},"end":{"line":21,"column":54}},"line":21},"3":{"name":"(anonymous_3)","decl":{"start":{"line":36,"column":15},"end":{"line":36,"column":16}},"loc":{"start":{"line":36,"column":21},"end":{"line":42,"column":7}},"line":36},"4":{"name":"(anonymous_4)","decl":{"start":{"line":38,"column":29},"end":{"line":38,"column":30}},"loc":{"start":{"line":38,"column":38},"end":{"line":40,"column":11}},"line":38}},"branchMap":{"0":{"loc":{"start":{"line":37,"column":8},"end":{"line":41,"column":9}},"type":"if","locations":[{"start":{"line":37,"column":8},"end":{"line":41,"column":9}},{"start":{"line":37,"column":8},"end":{"line":41,"column":9}}],"line":37}},"s":{"0":4,"1":4,"2":0,"3":0,"4":0,"5":0,"6":2,"7":2,"8":0,"9":0,"10":0},"f":{"0":2,"1":0,"2":0,"3":0,"4":0},"b":{"0":[0,0]},"_coverageSchema":"1a1c01bbd47fc00a2c39e90264f33305004495a9","hash":"000b66a3831247b0fc11157d516d33c04bffa57e"}
,"/Users/user/Desktop/Lisa Alley/lisa-alley-store/frontend/components/items/item-card/Item.js": {"path":"/Users/user/Desktop/Lisa Alley/lisa-alley-store/frontend/components/items/item-card/Item.js","statementMap":{"0":{"start":{"line":9,"column":13},"end":{"line":58,"column":1}},"1":{"start":{"line":10,"column":2},"end":{"line":57,"column":4}},"2":{"start":{"line":60,"column":0},"end":{"line":65,"column":2}}},"fnMap":{"0":{"name":"(anonymous_0)","decl":{"start":{"line":9,"column":13},"end":{"line":9,"column":14}},"loc":{"start":{"line":9,"column":31},"end":{"line":58,"column":1}},"line":9}},"branchMap":{"0":{"loc":{"start":{"line":12,"column":7},"end":{"line":25,"column":7}},"type":"binary-expr","locations":[{"start":{"line":12,"column":7},"end":{"line":12,"column":25}},{"start":{"line":13,"column":6},"end":{"line":24,"column":13}}],"line":12},"1":{"loc":{"start":{"line":21,"column":15},"end":{"line":21,"column":82}},"type":"binary-expr","locations":[{"start":{"line":21,"column":15},"end":{"line":21,"column":32}},{"start":{"line":21,"column":36},"end":{"line":21,"column":82}}],"line":21},"2":{"loc":{"start":{"line":26,"column":7},"end":{"line":39,"column":7}},"type":"binary-expr","locations":[{"start":{"line":26,"column":7},"end":{"line":26,"column":25}},{"start":{"line":27,"column":6},"end":{"line":38,"column":13}}],"line":26},"3":{"loc":{"start":{"line":35,"column":11},"end":{"line":35,"column":43}},"type":"binary-expr","locations":[{"start":{"line":35,"column":11},"end":{"line":35,"column":28}},{"start":{"line":35,"column":32},"end":{"line":35,"column":43}}],"line":35},"4":{"loc":{"start":{"line":42,"column":7},"end":{"line":55,"column":7}},"type":"binary-expr","locations":[{"start":{"line":42,"column":7},"end":{"line":42,"column":9}},{"start":{"line":42,"column":13},"end":{"line":42,"column":45}},{"start":{"line":43,"column":8},"end":{"line":54,"column":14}}],"line":42}},"s":{"0":4,"1":3,"2":4},"f":{"0":3},"b":{"0":[3,0],"1":[0,0],"2":[3,0],"3":[0,0],"4":[3,2,1]},"_coverageSchema":"1a1c01bbd47fc00a2c39e90264f33305004495a9","hash":"9e105ba3989e5aed3c216db8dddcb98d0610b294"}
,"/Users/user/Desktop/Lisa Alley/lisa-alley-store/frontend/components/orders/Order.js": {"path":"/Users/user/Desktop/Lisa Alley/lisa-alley-store/frontend/components/orders/Order.js","statementMap":{"0":{"start":{"line":10,"column":27},"end":{"line":30,"column":1}},"1":{"start":{"line":32,"column":14},"end":{"line":79,"column":1}},"2":{"start":{"line":33,"column":35},"end":{"line":35,"column":4}},"3":{"start":{"line":36,"column":2},"end":{"line":36,"column":44}},"4":{"start":{"line":36,"column":13},"end":{"line":36,"column":44}},"5":{"start":{"line":37,"column":2},"end":{"line":37,"column":40}},"6":{"start":{"line":37,"column":15},"end":{"line":37,"column":40}},"7":{"start":{"line":38,"column":16},"end":{"line":38,"column":26}},"8":{"start":{"line":39,"column":2},"end":{"line":78,"column":4}},"9":{"start":{"line":66,"column":10},"end":{"line":74,"column":16}},"10":{"start":{"line":81,"column":0},"end":{"line":83,"column":2}}},"fnMap":{"0":{"name":"(anonymous_0)","decl":{"start":{"line":32,"column":14},"end":{"line":32,"column":15}},"loc":{"start":{"line":32,"column":24},"end":{"line":79,"column":1}},"line":32},"1":{"name":"(anonymous_1)","decl":{"start":{"line":65,"column":25},"end":{"line":65,"column":26}},"loc":{"start":{"line":66,"column":10},"end":{"line":74,"column":16}},"line":66}},"branchMap":{"0":{"loc":{"start":{"line":36,"column":2},"end":{"line":36,"column":44}},"type":"if","locations":[{"start":{"line":36,"column":2},"end":{"line":36,"column":44}},{"start":{"line":36,"column":2},"end":{"line":36,"column":44}}],"line":36},"1":{"loc":{"start":{"line":37,"column":2},"end":{"line":37,"column":40}},"type":"if","locations":[{"start":{"line":37,"column":2},"end":{"line":37,"column":40}},{"start":{"line":37,"column":2},"end":{"line":37,"column":40}}],"line":37}},"s":{"0":1,"1":1,"2":7,"3":7,"4":0,"5":7,"6":4,"7":3,"8":3,"9":3,"10":1},"f":{"0":7,"1":3},"b":{"0":[0,7],"1":[4,3]},"_coverageSchema":"1a1c01bbd47fc00a2c39e90264f33305004495a9","hash":"7b3d5fbe4b7ad5d8dd1c3504a6754bcc4e619881"}
,"/Users/user/Desktop/Lisa Alley/lisa-alley-store/frontend/components/page/header/Nav.js": {"path":"/Users/user/Desktop/Lisa Alley/lisa-alley-store/frontend/components/page/header/Nav.js","statementMap":{"0":{"start":{"line":9,"column":23},"end":{"line":9,"column":36}},"1":{"start":{"line":10,"column":13},"end":{"line":10,"column":22}},"2":{"start":{"line":12,"column":4},"end":{"line":16,"column":11}},"3":{"start":{"line":19,"column":4},"end":{"line":23,"column":11}},"4":{"start":{"line":26,"column":4},"end":{"line":30,"column":11}},"5":{"start":{"line":33,"column":4},"end":{"line":37,"column":11}},"6":{"start":{"line":39,"column":24},"end":{"line":39,"column":50}},"7":{"start":{"line":41,"column":4},"end":{"line":56,"column":5}},"8":{"start":{"line":45,"column":8},"end":{"line":45,"column":21}},"9":{"start":{"line":51,"column":31},"end":{"line":51,"column":56}},"10":{"start":{"line":58,"column":21},"end":{"line":58,"column":77}},"11":{"start":{"line":60,"column":2},"end":{"line":77,"column":4}}},"fnMap":{"0":{"name":"Nav","decl":{"start":{"line":8,"column":9},"end":{"line":8,"column":12}},"loc":{"start":{"line":8,"column":15},"end":{"line":78,"column":1}},"line":8},"1":{"name":"CartLink","decl":{"start":{"line":40,"column":11},"end":{"line":40,"column":19}},"loc":{"start":{"line":40,"column":27},"end":{"line":57,"column":3}},"line":40},"2":{"name":"(anonymous_2)","decl":{"start":{"line":44,"column":15},"end":{"line":44,"column":16}},"loc":{"start":{"line":44,"column":21},"end":{"line":46,"column":7}},"line":44},"3":{"name":"(anonymous_3)","decl":{"start":{"line":51,"column":10},"end":{"line":51,"column":11}},"loc":{"start":{"line":51,"column":31},"end":{"line":51,"column":56}},"line":51}},"branchMap":{"0":{"loc":{"start":{"line":64,"column":9},"end":{"line":64,"column":59}},"type":"binary-expr","locations":[{"start":{"line":64,"column":9},"end":{"line":64,"column":11}},{"start":{"line":64,"column":15},"end":{"line":64,"column":47}},{"start":{"line":64,"column":51},"end":{"line":64,"column":59}}],"line":64},"1":{"loc":{"start":{"line":67,"column":9},"end":{"line":67,"column":60}},"type":"binary-expr","locations":[{"start":{"line":67,"column":9},"end":{"line":67,"column":11}},{"start":{"line":67,"column":15},"end":{"line":67,"column":46}},{"start":{"line":67,"column":50},"end":{"line":67,"column":60}}],"line":67},"2":{"loc":{"start":{"line":68,"column":9},"end":{"line":68,"column":61}},"type":"binary-expr","locations":[{"start":{"line":68,"column":9},"end":{"line":68,"column":11}},{"start":{"line":68,"column":15},"end":{"line":68,"column":46}},{"start":{"line":68,"column":50},"end":{"line":68,"column":61}}],"line":68},"3":{"loc":{"start":{"line":69,"column":9},"end":{"line":69,"column":63}},"type":"binary-expr","locations":[{"start":{"line":69,"column":9},"end":{"line":69,"column":11}},{"start":{"line":69,"column":15},"end":{"line":69,"column":46}},{"start":{"line":69,"column":50},"end":{"line":69,"column":63}}],"line":69},"4":{"loc":{"start":{"line":70,"column":9},"end":{"line":70,"column":61}},"type":"binary-expr","locations":[{"start":{"line":70,"column":9},"end":{"line":70,"column":11}},{"start":{"line":70,"column":15},"end":{"line":70,"column":47}},{"start":{"line":70,"column":51},"end":{"line":70,"column":61}}],"line":70},"5":{"loc":{"start":{"line":71,"column":9},"end":{"line":73,"column":9}},"type":"binary-expr","locations":[{"start":{"line":71,"column":9},"end":{"line":71,"column":11}},{"start":{"line":72,"column":10},"end":{"line":72,"column":29}}],"line":71},"6":{"loc":{"start":{"line":75,"column":9},"end":{"line":75,"column":26}},"type":"binary-expr","locations":[{"start":{"line":75,"column":9},"end":{"line":75,"column":12}},{"start":{"line":75,"column":16},"end":{"line":75,"column":26}}],"line":75}},"s":{"0":8,"1":8,"2":8,"3":8,"4":8,"5":8,"6":8,"7":3,"8":0,"9":3,"10":8,"11":8},"f":{"0":8,"1":3,"2":0,"3":3},"b":{"0":[8,3,1],"1":[8,3,2],"2":[8,3,2],"3":[8,3,2],"4":[8,3,0],"5":[8,3],"6":[8,5]},"_coverageSchema":"1a1c01bbd47fc00a2c39e90264f33305004495a9","hash":"0e2e2ddf076e340395d91f3d36cde7a8616cfc06"}
,"/Users/user/Desktop/Lisa Alley/lisa-alley-store/frontend/components/signup-signin/RequestReset.js": {"path":"/Users/user/Desktop/Lisa Alley/lisa-alley-store/frontend/components/signup-signin/RequestReset.js","statementMap":{"0":{"start":{"line":6,"column":31},"end":{"line":12,"column":1}},"1":{"start":{"line":14,"column":21},"end":{"line":51,"column":1}},"2":{"start":{"line":15,"column":30},"end":{"line":15,"column":42}},"3":{"start":{"line":16,"column":48},"end":{"line":18,"column":4}},"4":{"start":{"line":19,"column":4},"end":{"line":50,"column":6}},"5":{"start":{"line":24,"column":14},"end":{"line":24,"column":33}},"6":{"start":{"line":25,"column":14},"end":{"line":30,"column":15}},"7":{"start":{"line":26,"column":16},"end":{"line":26,"column":30}},"8":{"start":{"line":27,"column":16},"end":{"line":27,"column":29}},"9":{"start":{"line":29,"column":16},"end":{"line":29,"column":35}},"10":{"start":{"line":44,"column":33},"end":{"line":44,"column":57}}},"fnMap":{"0":{"name":"(anonymous_0)","decl":{"start":{"line":14,"column":21},"end":{"line":14,"column":22}},"loc":{"start":{"line":14,"column":27},"end":{"line":51,"column":1}},"line":14},"1":{"name":"(anonymous_1)","decl":{"start":{"line":23,"column":22},"end":{"line":23,"column":23}},"loc":{"start":{"line":23,"column":35},"end":{"line":31,"column":13}},"line":23},"2":{"name":"(anonymous_2)","decl":{"start":{"line":44,"column":28},"end":{"line":44,"column":29}},"loc":{"start":{"line":44,"column":33},"end":{"line":44,"column":57}},"line":44}},"branchMap":{"0":{"loc":{"start":{"line":36,"column":15},"end":{"line":36,"column":98}},"type":"binary-expr","locations":[{"start":{"line":36,"column":15},"end":{"line":36,"column":21}},{"start":{"line":36,"column":25},"end":{"line":36,"column":33}},{"start":{"line":36,"column":37},"end":{"line":36,"column":43}},{"start":{"line":36,"column":47},"end":{"line":36,"column":98}}],"line":36}},"s":{"0":1,"1":1,"2":18,"3":18,"4":18,"5":1,"6":1,"7":1,"8":1,"9":0,"10":13},"f":{"0":18,"1":1,"2":13},"b":{"0":[18,18,17,2]},"_coverageSchema":"1a1c01bbd47fc00a2c39e90264f33305004495a9","hash":"2076d094eef691d14a33b6aa9d33e81b5dcbbcd5"}
,"/Users/user/Desktop/Lisa Alley/lisa-alley-store/frontend/components/signup-signin/Reset.js": {"path":"/Users/user/Desktop/Lisa Alley/lisa-alley-store/frontend/components/signup-signin/Reset.js","statementMap":{"0":{"start":{"line":9,"column":23},"end":{"line":25,"column":1}},"1":{"start":{"line":27,"column":14},"end":{"line":82,"column":1}},"2":{"start":{"line":28,"column":49},"end":{"line":28,"column":66}},"3":{"start":{"line":29,"column":44},"end":{"line":29,"column":59}},"4":{"start":{"line":31,"column":46},"end":{"line":31,"column":73}},"5":{"start":{"line":34,"column":4},"end":{"line":47,"column":5}},"6":{"start":{"line":35,"column":6},"end":{"line":46,"column":7}},"7":{"start":{"line":36,"column":8},"end":{"line":36,"column":31}},"8":{"start":{"line":37,"column":8},"end":{"line":43,"column":11}},"9":{"start":{"line":45,"column":8},"end":{"line":45,"column":27}},"10":{"start":{"line":50,"column":2},"end":{"line":81,"column":4}},"11":{"start":{"line":84,"column":0},"end":{"line":86,"column":2}}},"fnMap":{"0":{"name":"(anonymous_0)","decl":{"start":{"line":27,"column":14},"end":{"line":27,"column":15}},"loc":{"start":{"line":27,"column":34},"end":{"line":82,"column":1}},"line":27},"1":{"name":"callback","decl":{"start":{"line":33,"column":11},"end":{"line":33,"column":19}},"loc":{"start":{"line":33,"column":22},"end":{"line":48,"column":3}},"line":33}},"branchMap":{"0":{"loc":{"start":{"line":34,"column":4},"end":{"line":47,"column":5}},"type":"if","locations":[{"start":{"line":34,"column":4},"end":{"line":47,"column":5}},{"start":{"line":34,"column":4},"end":{"line":47,"column":5}}],"line":34},"1":{"loc":{"start":{"line":55,"column":9},"end":{"line":55,"column":86}},"type":"binary-expr","locations":[{"start":{"line":55,"column":9},"end":{"line":55,"column":17}},{"start":{"line":55,"column":21},"end":{"line":55,"column":27}},{"start":{"line":55,"column":31},"end":{"line":55,"column":37}},{"start":{"line":55,"column":41},"end":{"line":55,"column":86}}],"line":55}},"s":{"0":1,"1":1,"2":38,"3":38,"4":38,"5":3,"6":1,"7":1,"8":1,"9":0,"10":38,"11":1},"f":{"0":38,"1":3},"b":{"0":[1,2],"1":[38,38,38,1]},"_coverageSchema":"1a1c01bbd47fc00a2c39e90264f33305004495a9","hash":"54c24081f3c690f7158b5f6f60a94210d95caa17"}
,"/Users/user/Desktop/Lisa Alley/lisa-alley-store/frontend/components/signup-signin/Signin.js": {"path":"/Users/user/Desktop/Lisa Alley/lisa-alley-store/frontend/components/signup-signin/Signin.js","statementMap":{"0":{"start":{"line":12,"column":20},"end":{"line":17,"column":1}},"1":{"start":{"line":19,"column":24},"end":{"line":26,"column":1}},"2":{"start":{"line":28,"column":15},"end":{"line":92,"column":1}},"3":{"start":{"line":29,"column":34},"end":{"line":29,"column":46}},"4":{"start":{"line":30,"column":28},"end":{"line":30,"column":40}},"5":{"start":{"line":32,"column":39},"end":{"line":35,"column":4}},"6":{"start":{"line":36,"column":2},"end":{"line":91,"column":4}},"7":{"start":{"line":44,"column":10},"end":{"line":44,"column":29}},"8":{"start":{"line":45,"column":10},"end":{"line":53,"column":11}},"9":{"start":{"line":46,"column":24},"end":{"line":46,"column":38}},"10":{"start":{"line":47,"column":12},"end":{"line":47,"column":29}},"11":{"start":{"line":48,"column":12},"end":{"line":50,"column":15}},"12":{"start":{"line":52,"column":12},"end":{"line":52,"column":31}},"13":{"start":{"line":66,"column":31},"end":{"line":66,"column":55}},"14":{"start":{"line":76,"column":31},"end":{"line":76,"column":58}}},"fnMap":{"0":{"name":"(anonymous_0)","decl":{"start":{"line":28,"column":15},"end":{"line":28,"column":16}},"loc":{"start":{"line":28,"column":21},"end":{"line":92,"column":1}},"line":28},"1":{"name":"(anonymous_1)","decl":{"start":{"line":43,"column":18},"end":{"line":43,"column":19}},"loc":{"start":{"line":43,"column":31},"end":{"line":54,"column":9}},"line":43},"2":{"name":"(anonymous_2)","decl":{"start":{"line":66,"column":24},"end":{"line":66,"column":25}},"loc":{"start":{"line":66,"column":31},"end":{"line":66,"column":55}},"line":66},"3":{"name":"(anonymous_3)","decl":{"start":{"line":76,"column":24},"end":{"line":76,"column":25}},"loc":{"start":{"line":76,"column":31},"end":{"line":76,"column":58}},"line":76}},"branchMap":{},"s":{"0":1,"1":1,"2":1,"3":1,"4":1,"5":1,"6":1,"7":0,"8":0,"9":0,"10":0,"11":0,"12":0,"13":0,"14":0},"f":{"0":1,"1":0,"2":0,"3":0},"b":{},"_coverageSchema":"1a1c01bbd47fc00a2c39e90264f33305004495a9","hash":"d472fe9590f10834b01e0a2d5d486f5df7d0c661"}
,"/Users/user/Desktop/Lisa Alley/lisa-alley-store/frontend/components/signup-signin/Signout.js": {"path":"/Users/user/Desktop/Lisa Alley/lisa-alley-store/frontend/components/signup-signin/Signout.js","statementMap":{"0":{"start":{"line":7,"column":26},"end":{"line":13,"column":1}},"1":{"start":{"line":15,"column":16},"end":{"line":26,"column":1}},"2":{"start":{"line":16,"column":22},"end":{"line":18,"column":6}},"3":{"start":{"line":20,"column":4},"end":{"line":22,"column":6}},"4":{"start":{"line":23,"column":4},"end":{"line":23,"column":14}},"5":{"start":{"line":25,"column":2},"end":{"line":25,"column":56}}},"fnMap":{"0":{"name":"(anonymous_0)","decl":{"start":{"line":15,"column":16},"end":{"line":15,"column":17}},"loc":{"start":{"line":15,"column":27},"end":{"line":26,"column":1}},"line":15},"1":{"name":"handleClick","decl":{"start":{"line":19,"column":11},"end":{"line":19,"column":22}},"loc":{"start":{"line":19,"column":25},"end":{"line":24,"column":3}},"line":19}},"branchMap":{},"s":{"0":2,"1":2,"2":4,"3":0,"4":0,"5":4},"f":{"0":4,"1":0},"b":{},"_coverageSchema":"1a1c01bbd47fc00a2c39e90264f33305004495a9","hash":"1e97ea51707e2a637326ad1125682ee1433a8cea"}
,"/Users/user/Desktop/Lisa Alley/lisa-alley-store/frontend/components/signup-signin/Signup.js": {"path":"/Users/user/Desktop/Lisa Alley/lisa-alley-store/frontend/components/signup-signin/Signup.js","statementMap":{"0":{"start":{"line":11,"column":24},"end":{"line":42,"column":1}},"1":{"start":{"line":44,"column":21},"end":{"line":46,"column":1}},"2":{"start":{"line":48,"column":15},"end":{"line":195,"column":1}},"3":{"start":{"line":49,"column":47},"end":{"line":49,"column":75}},"4":{"start":{"line":51,"column":44},"end":{"line":51,"column":59}},"5":{"start":{"line":53,"column":21},"end":{"line":62,"column":3}},"6":{"start":{"line":64,"column":57},"end":{"line":64,"column":86}},"7":{"start":{"line":68,"column":4},"end":{"line":81,"column":5}},"8":{"start":{"line":69,"column":6},"end":{"line":80,"column":7}},"9":{"start":{"line":70,"column":8},"end":{"line":70,"column":31}},"10":{"start":{"line":71,"column":8},"end":{"line":74,"column":11}},"11":{"start":{"line":75,"column":8},"end":{"line":77,"column":10}},"12":{"start":{"line":79,"column":8},"end":{"line":79,"column":27}},"13":{"start":{"line":84,"column":2},"end":{"line":194,"column":4}}},"fnMap":{"0":{"name":"(anonymous_0)","decl":{"start":{"line":48,"column":15},"end":{"line":48,"column":16}},"loc":{"start":{"line":48,"column":21},"end":{"line":195,"column":1}},"line":48},"1":{"name":"callback","decl":{"start":{"line":67,"column":17},"end":{"line":67,"column":25}},"loc":{"start":{"line":67,"column":28},"end":{"line":82,"column":3}},"line":67}},"branchMap":{"0":{"loc":{"start":{"line":68,"column":4},"end":{"line":81,"column":5}},"type":"if","locations":[{"start":{"line":68,"column":4},"end":{"line":81,"column":5}},{"start":{"line":68,"column":4},"end":{"line":81,"column":5}}],"line":68},"1":{"loc":{"start":{"line":96,"column":9},"end":{"line":96,"column":72}},"type":"binary-expr","locations":[{"start":{"line":96,"column":9},"end":{"line":96,"column":20}},{"start":{"line":96,"column":24},"end":{"line":96,"column":72}}],"line":96},"2":{"loc":{"start":{"line":97,"column":9},"end":{"line":97,"column":51}},"type":"binary-expr","locations":[{"start":{"line":97,"column":9},"end":{"line":97,"column":15}},{"start":{"line":97,"column":19},"end":{"line":97,"column":24}},{"start":{"line":97,"column":28},"end":{"line":97,"column":51}}],"line":97},"3":{"loc":{"start":{"line":98,"column":9},"end":{"line":98,"column":79}},"type":"binary-expr","locations":[{"start":{"line":98,"column":9},"end":{"line":98,"column":17}},{"start":{"line":98,"column":21},"end":{"line":98,"column":27}},{"start":{"line":98,"column":31},"end":{"line":98,"column":37}},{"start":{"line":98,"column":41},"end":{"line":98,"column":79}}],"line":98},"4":{"loc":{"start":{"line":110,"column":9},"end":{"line":110,"column":74}},"type":"binary-expr","locations":[{"start":{"line":110,"column":9},"end":{"line":110,"column":21}},{"start":{"line":110,"column":25},"end":{"line":110,"column":74}}],"line":110},"5":{"loc":{"start":{"line":133,"column":9},"end":{"line":135,"column":9}},"type":"binary-expr","locations":[{"start":{"line":133,"column":9},"end":{"line":133,"column":24}},{"start":{"line":134,"column":10},"end":{"line":134,"column":62}}],"line":133}},"s":{"0":1,"1":1,"2":1,"3":174,"4":174,"5":174,"6":174,"7":3,"8":1,"9":1,"10":1,"11":1,"12":1,"13":174},"f":{"0":174,"1":3},"b":{"0":[1,2],"1":[174,0],"2":[174,2,0],"3":[174,173,173,1],"4":[174,40],"5":[174,7]},"_coverageSchema":"1a1c01bbd47fc00a2c39e90264f33305004495a9","hash":"4dc2eed3ae3be52c356f6c0ae18337cbe7d616f9"}
,"/Users/user/Desktop/Lisa Alley/lisa-alley-store/frontend/components/signup-signin/UpdateUser.js": {"path":"/Users/user/Desktop/Lisa Alley/lisa-alley-store/frontend/components/signup-signin/UpdateUser.js","statementMap":{"0":{"start":{"line":8,"column":29},"end":{"line":39,"column":1}},"1":{"start":{"line":41,"column":19},"end":{"line":167,"column":1}},"2":{"start":{"line":42,"column":35},"end":{"line":42,"column":63}},"3":{"start":{"line":43,"column":23},"end":{"line":43,"column":56}},"4":{"start":{"line":45,"column":23},"end":{"line":45,"column":35}},"5":{"start":{"line":46,"column":26},"end":{"line":46,"column":49}},"6":{"start":{"line":47,"column":24},"end":{"line":47,"column":45}},"7":{"start":{"line":48,"column":25},"end":{"line":48,"column":47}},"8":{"start":{"line":50,"column":44},"end":{"line":50,"column":59}},"9":{"start":{"line":52,"column":49},"end":{"line":52,"column":66}},"10":{"start":{"line":55,"column":4},"end":{"line":64,"column":5}},"11":{"start":{"line":56,"column":6},"end":{"line":63,"column":7}},"12":{"start":{"line":57,"column":8},"end":{"line":57,"column":31}},"13":{"start":{"line":58,"column":8},"end":{"line":60,"column":11}},"14":{"start":{"line":62,"column":8},"end":{"line":62,"column":27}},"15":{"start":{"line":67,"column":2},"end":{"line":67,"column":40}},"16":{"start":{"line":67,"column":15},"end":{"line":67,"column":40}},"17":{"start":{"line":68,"column":2},"end":{"line":68,"column":44}},"18":{"start":{"line":68,"column":13},"end":{"line":68,"column":44}},"19":{"start":{"line":70,"column":2},"end":{"line":166,"column":4}}},"fnMap":{"0":{"name":"(anonymous_0)","decl":{"start":{"line":41,"column":19},"end":{"line":41,"column":20}},"loc":{"start":{"line":41,"column":25},"end":{"line":167,"column":1}},"line":41},"1":{"name":"callback","decl":{"start":{"line":54,"column":11},"end":{"line":54,"column":19}},"loc":{"start":{"line":54,"column":22},"end":{"line":65,"column":3}},"line":54}},"branchMap":{"0":{"loc":{"start":{"line":55,"column":4},"end":{"line":64,"column":5}},"type":"if","locations":[{"start":{"line":55,"column":4},"end":{"line":64,"column":5}},{"start":{"line":55,"column":4},"end":{"line":64,"column":5}}],"line":55},"1":{"loc":{"start":{"line":67,"column":2},"end":{"line":67,"column":40}},"type":"if","locations":[{"start":{"line":67,"column":2},"end":{"line":67,"column":40}},{"start":{"line":67,"column":2},"end":{"line":67,"column":40}}],"line":67},"2":{"loc":{"start":{"line":68,"column":2},"end":{"line":68,"column":44}},"type":"if","locations":[{"start":{"line":68,"column":2},"end":{"line":68,"column":44}},{"start":{"line":68,"column":2},"end":{"line":68,"column":44}}],"line":68},"3":{"loc":{"start":{"line":73,"column":9},"end":{"line":75,"column":9}},"type":"binary-expr","locations":[{"start":{"line":73,"column":9},"end":{"line":73,"column":23}},{"start":{"line":73,"column":27},"end":{"line":73,"column":43}},{"start":{"line":73,"column":47},"end":{"line":73,"column":61}},{"start":{"line":74,"column":10},"end":{"line":74,"column":42}}],"line":73},"4":{"loc":{"start":{"line":162,"column":14},"end":{"line":162,"column":43}},"type":"cond-expr","locations":[{"start":{"line":162,"column":32},"end":{"line":162,"column":37}},{"start":{"line":162,"column":40},"end":{"line":162,"column":43}}],"line":162}},"s":{"0":1,"1":1,"2":181,"3":181,"4":181,"5":181,"6":181,"7":181,"8":181,"9":181,"10":3,"11":1,"12":1,"13":1,"14":0,"15":181,"16":3,"17":178,"18":0,"19":178},"f":{"0":181,"1":3},"b":{"0":[1,2],"1":[3,178],"2":[0,178],"3":[178,178,177,1],"4":[1,177]},"_coverageSchema":"1a1c01bbd47fc00a2c39e90264f33305004495a9","hash":"5573584d114c7279032c253448d98f0b307c73cd"}
,"/Users/user/Desktop/Lisa Alley/lisa-alley-store/frontend/components/styles/BurgerCloseButton.js": {"path":"/Users/user/Desktop/Lisa Alley/lisa-alley-store/frontend/components/styles/BurgerCloseButton.js","statementMap":{"0":{"start":{"line":3,"column":26},"end":{"line":13,"column":1}},"1":{"start":{"line":4,"column":25},"end":{"line":4,"column":41}},"2":{"start":{"line":5,"column":20},"end":{"line":5,"column":38}}},"fnMap":{"0":{"name":"(anonymous_0)","decl":{"start":{"line":4,"column":16},"end":{"line":4,"column":17}},"loc":{"start":{"line":4,"column":25},"end":{"line":4,"column":41}},"line":4},"1":{"name":"(anonymous_1)","decl":{"start":{"line":5,"column":11},"end":{"line":5,"column":12}},"loc":{"start":{"line":5,"column":20},"end":{"line":5,"column":38}},"line":5}},"branchMap":{},"s":{"0":1,"1":8,"2":8},"f":{"0":8,"1":8},"b":{},"_coverageSchema":"1a1c01bbd47fc00a2c39e90264f33305004495a9","hash":"5ed1f1c4b0707a00ce719086c0cae6773fcf8e71"}
,"/Users/user/Desktop/Lisa Alley/lisa-alley-store/frontend/components/styles/BurgerStyles.js": {"path":"/Users/user/Desktop/Lisa Alley/lisa-alley-store/frontend/components/styles/BurgerStyles.js","statementMap":{"0":{"start":{"line":3,"column":21},"end":{"line":43,"column":1}},"1":{"start":{"line":8,"column":27},"end":{"line":8,"column":43}},"2":{"start":{"line":20,"column":15},"end":{"line":20,"column":56}},"3":{"start":{"line":37,"column":24},"end":{"line":37,"column":44}},"4":{"start":{"line":38,"column":29},"end":{"line":38,"column":45}},"5":{"start":{"line":40,"column":26},"end":{"line":40,"column":42}}},"fnMap":{"0":{"name":"(anonymous_0)","decl":{"start":{"line":8,"column":16},"end":{"line":8,"column":17}},"loc":{"start":{"line":8,"column":27},"end":{"line":8,"column":43}},"line":8},"1":{"name":"(anonymous_1)","decl":{"start":{"line":20,"column":4},"end":{"line":20,"column":5}},"loc":{"start":{"line":20,"column":15},"end":{"line":20,"column":56}},"line":20},"2":{"name":"(anonymous_2)","decl":{"start":{"line":37,"column":13},"end":{"line":37,"column":14}},"loc":{"start":{"line":37,"column":24},"end":{"line":37,"column":44}},"line":37},"3":{"name":"(anonymous_3)","decl":{"start":{"line":38,"column":18},"end":{"line":38,"column":19}},"loc":{"start":{"line":38,"column":29},"end":{"line":38,"column":45}},"line":38},"4":{"name":"(anonymous_4)","decl":{"start":{"line":40,"column":15},"end":{"line":40,"column":16}},"loc":{"start":{"line":40,"column":26},"end":{"line":40,"column":42}},"line":40}},"branchMap":{"0":{"loc":{"start":{"line":20,"column":15},"end":{"line":20,"column":56}},"type":"binary-expr","locations":[{"start":{"line":20,"column":15},"end":{"line":20,"column":25}},{"start":{"line":20,"column":29},"end":{"line":20,"column":56}}],"line":20}},"s":{"0":1,"1":8,"2":8,"3":8,"4":8,"5":8},"f":{"0":8,"1":8,"2":8,"3":8,"4":8},"b":{"0":[8,0]},"_coverageSchema":"1a1c01bbd47fc00a2c39e90264f33305004495a9","hash":"9274555409d99eb1332df4eb990f16595966f936"}
,"/Users/user/Desktop/Lisa Alley/lisa-alley-store/frontend/components/styles/ErrorStyles.js": {"path":"/Users/user/Desktop/Lisa Alley/lisa-alley-store/frontend/components/styles/ErrorStyles.js","statementMap":{"0":{"start":{"line":3,"column":20},"end":{"line":16,"column":1}}},"fnMap":{},"branchMap":{},"s":{"0":12},"f":{},"b":{},"_coverageSchema":"1a1c01bbd47fc00a2c39e90264f33305004495a9","hash":"c53add6e1c42408b274da44adda0d66ad31a95c1"}
,"/Users/user/Desktop/Lisa Alley/lisa-alley-store/frontend/components/styles/Form.js": {"path":"/Users/user/Desktop/Lisa Alley/lisa-alley-store/frontend/components/styles/Form.js","statementMap":{"0":{"start":{"line":3,"column":16},"end":{"line":13,"column":1}},"1":{"start":{"line":15,"column":13},"end":{"line":84,"column":1}},"2":{"start":{"line":40,"column":31},"end":{"line":40,"column":46}},"3":{"start":{"line":46,"column":27},"end":{"line":46,"column":42}},"4":{"start":{"line":64,"column":61},"end":{"line":64,"column":76}},"5":{"start":{"line":64,"column":93},"end":{"line":64,"column":111}},"6":{"start":{"line":64,"column":129},"end":{"line":64,"column":144}},"7":{"start":{"line":80,"column":27},"end":{"line":80,"column":42}}},"fnMap":{"0":{"name":"(anonymous_0)","decl":{"start":{"line":40,"column":22},"end":{"line":40,"column":23}},"loc":{"start":{"line":40,"column":31},"end":{"line":40,"column":46}},"line":40},"1":{"name":"(anonymous_1)","decl":{"start":{"line":46,"column":18},"end":{"line":46,"column":19}},"loc":{"start":{"line":46,"column":27},"end":{"line":46,"column":42}},"line":46},"2":{"name":"(anonymous_2)","decl":{"start":{"line":64,"column":52},"end":{"line":64,"column":53}},"loc":{"start":{"line":64,"column":61},"end":{"line":64,"column":76}},"line":64},"3":{"name":"(anonymous_3)","decl":{"start":{"line":64,"column":84},"end":{"line":64,"column":85}},"loc":{"start":{"line":64,"column":93},"end":{"line":64,"column":111}},"line":64},"4":{"name":"(anonymous_4)","decl":{"start":{"line":64,"column":120},"end":{"line":64,"column":121}},"loc":{"start":{"line":64,"column":129},"end":{"line":64,"column":144}},"line":64},"5":{"name":"(anonymous_5)","decl":{"start":{"line":80,"column":18},"end":{"line":80,"column":19}},"loc":{"start":{"line":80,"column":27},"end":{"line":80,"column":42}},"line":80}},"branchMap":{},"s":{"0":7,"1":7,"2":547,"3":547,"4":547,"5":547,"6":547,"7":547},"f":{"0":547,"1":547,"2":547,"3":547,"4":547,"5":547},"b":{},"_coverageSchema":"1a1c01bbd47fc00a2c39e90264f33305004495a9","hash":"288fd5076145f7f77445f2e34f607defb62f32ad"}
,"/Users/user/Desktop/Lisa Alley/lisa-alley-store/frontend/components/styles/ItemListStyles.js": {"path":"/Users/user/Desktop/Lisa Alley/lisa-alley-store/frontend/components/styles/ItemListStyles.js","statementMap":{"0":{"start":{"line":3,"column":22},"end":{"line":5,"column":1}},"1":{"start":{"line":7,"column":25},"end":{"line":17,"column":1}},"2":{"start":{"line":11,"column":26},"end":{"line":11,"column":46}}},"fnMap":{"0":{"name":"(anonymous_0)","decl":{"start":{"line":11,"column":15},"end":{"line":11,"column":16}},"loc":{"start":{"line":11,"column":26},"end":{"line":11,"column":46}},"line":11}},"branchMap":{},"s":{"0":4,"1":4,"2":0},"f":{"0":0},"b":{},"_coverageSchema":"1a1c01bbd47fc00a2c39e90264f33305004495a9","hash":"eb266b8e4baba9e1e1b514f749ac9aafee909e1c"}
,"/Users/user/Desktop/Lisa Alley/lisa-alley-store/frontend/components/styles/ItemStyles.js": {"path":"/Users/user/Desktop/Lisa Alley/lisa-alley-store/frontend/components/styles/ItemStyles.js","statementMap":{"0":{"start":{"line":3,"column":13},"end":{"line":98,"column":1}},"1":{"start":{"line":5,"column":36},"end":{"line":5,"column":56}},"2":{"start":{"line":6,"column":30},"end":{"line":6,"column":44}},"3":{"start":{"line":9,"column":31},"end":{"line":9,"column":47}},"4":{"start":{"line":30,"column":24},"end":{"line":30,"column":40}},"5":{"start":{"line":54,"column":35},"end":{"line":54,"column":53}},"6":{"start":{"line":60,"column":24},"end":{"line":60,"column":40}},"7":{"start":{"line":79,"column":39},"end":{"line":79,"column":60}},"8":{"start":{"line":82,"column":29},"end":{"line":82,"column":50}}},"fnMap":{"0":{"name":"(anonymous_0)","decl":{"start":{"line":5,"column":25},"end":{"line":5,"column":26}},"loc":{"start":{"line":5,"column":36},"end":{"line":5,"column":56}},"line":5},"1":{"name":"(anonymous_1)","decl":{"start":{"line":6,"column":19},"end":{"line":6,"column":20}},"loc":{"start":{"line":6,"column":30},"end":{"line":6,"column":44}},"line":6},"2":{"name":"(anonymous_2)","decl":{"start":{"line":9,"column":22},"end":{"line":9,"column":23}},"loc":{"start":{"line":9,"column":31},"end":{"line":9,"column":47}},"line":9},"3":{"name":"(anonymous_3)","decl":{"start":{"line":30,"column":15},"end":{"line":30,"column":16}},"loc":{"start":{"line":30,"column":24},"end":{"line":30,"column":40}},"line":30},"4":{"name":"(anonymous_4)","decl":{"start":{"line":54,"column":26},"end":{"line":54,"column":27}},"loc":{"start":{"line":54,"column":35},"end":{"line":54,"column":53}},"line":54},"5":{"name":"(anonymous_5)","decl":{"start":{"line":60,"column":15},"end":{"line":60,"column":16}},"loc":{"start":{"line":60,"column":24},"end":{"line":60,"column":40}},"line":60},"6":{"name":"(anonymous_6)","decl":{"start":{"line":79,"column":28},"end":{"line":79,"column":29}},"loc":{"start":{"line":79,"column":39},"end":{"line":79,"column":60}},"line":79},"7":{"name":"(anonymous_7)","decl":{"start":{"line":82,"column":18},"end":{"line":82,"column":19}},"loc":{"start":{"line":82,"column":29},"end":{"line":82,"column":50}},"line":82}},"branchMap":{},"s":{"0":4,"1":0,"2":0,"3":3,"4":3,"5":3,"6":3,"7":3,"8":3},"f":{"0":0,"1":0,"2":3,"3":3,"4":3,"5":3,"6":3,"7":3},"b":{},"_coverageSchema":"1a1c01bbd47fc00a2c39e90264f33305004495a9","hash":"a00aa748e40b04b37d7c8774773bad6bf191569b"}
,"/Users/user/Desktop/Lisa Alley/lisa-alley-store/frontend/components/styles/NavStyles.js": {"path":"/Users/user/Desktop/Lisa Alley/lisa-alley-store/frontend/components/styles/NavStyles.js","statementMap":{"0":{"start":{"line":3,"column":18},"end":{"line":68,"column":1}},"1":{"start":{"line":21,"column":22},"end":{"line":21,"column":39}},"2":{"start":{"line":31,"column":29},"end":{"line":31,"column":45}},"3":{"start":{"line":63,"column":37},"end":{"line":63,"column":58}}},"fnMap":{"0":{"name":"(anonymous_0)","decl":{"start":{"line":21,"column":13},"end":{"line":21,"column":14}},"loc":{"start":{"line":21,"column":22},"end":{"line":21,"column":39}},"line":21},"1":{"name":"(anonymous_1)","decl":{"start":{"line":31,"column":20},"end":{"line":31,"column":21}},"loc":{"start":{"line":31,"column":29},"end":{"line":31,"column":45}},"line":31},"2":{"name":"(anonymous_2)","decl":{"start":{"line":63,"column":28},"end":{"line":63,"column":29}},"loc":{"start":{"line":63,"column":37},"end":{"line":63,"column":58}},"line":63}},"branchMap":{},"s":{"0":1,"1":8,"2":8,"3":8},"f":{"0":8,"1":8,"2":8},"b":{},"_coverageSchema":"1a1c01bbd47fc00a2c39e90264f33305004495a9","hash":"74dd5b8e5d4253e6df996c7e5ab345203d38464e"}
,"/Users/user/Desktop/Lisa Alley/lisa-alley-store/frontend/components/styles/OrderStyles.js": {"path":"/Users/user/Desktop/Lisa Alley/lisa-alley-store/frontend/components/styles/OrderStyles.js","statementMap":{"0":{"start":{"line":3,"column":20},"end":{"line":37,"column":1}},"1":{"start":{"line":6,"column":31},"end":{"line":6,"column":51}},"2":{"start":{"line":7,"column":25},"end":{"line":7,"column":39}},"3":{"start":{"line":14,"column":40},"end":{"line":14,"column":60}},"4":{"start":{"line":24,"column":40},"end":{"line":24,"column":60}}},"fnMap":{"0":{"name":"(anonymous_0)","decl":{"start":{"line":6,"column":22},"end":{"line":6,"column":23}},"loc":{"start":{"line":6,"column":31},"end":{"line":6,"column":51}},"line":6},"1":{"name":"(anonymous_1)","decl":{"start":{"line":7,"column":16},"end":{"line":7,"column":17}},"loc":{"start":{"line":7,"column":25},"end":{"line":7,"column":39}},"line":7},"2":{"name":"(anonymous_2)","decl":{"start":{"line":14,"column":31},"end":{"line":14,"column":32}},"loc":{"start":{"line":14,"column":40},"end":{"line":14,"column":60}},"line":14},"3":{"name":"(anonymous_3)","decl":{"start":{"line":24,"column":31},"end":{"line":24,"column":32}},"loc":{"start":{"line":24,"column":40},"end":{"line":24,"column":60}},"line":24}},"branchMap":{},"s":{"0":1,"1":3,"2":3,"3":3,"4":3},"f":{"0":3,"1":3,"2":3,"3":3},"b":{},"_coverageSchema":"1a1c01bbd47fc00a2c39e90264f33305004495a9","hash":"07ebf7bbd6693e2956029e11cba2177eb10a7868"}
,"/Users/user/Desktop/Lisa Alley/lisa-alley-store/frontend/components/styles/PaginationStyles.js": {"path":"/Users/user/Desktop/Lisa Alley/lisa-alley-store/frontend/components/styles/PaginationStyles.js","statementMap":{"0":{"start":{"line":3,"column":25},"end":{"line":32,"column":1}},"1":{"start":{"line":12,"column":31},"end":{"line":12,"column":47}},"2":{"start":{"line":17,"column":39},"end":{"line":17,"column":55}}},"fnMap":{"0":{"name":"(anonymous_0)","decl":{"start":{"line":12,"column":22},"end":{"line":12,"column":23}},"loc":{"start":{"line":12,"column":31},"end":{"line":12,"column":47}},"line":12},"1":{"name":"(anonymous_1)","decl":{"start":{"line":17,"column":30},"end":{"line":17,"column":31}},"loc":{"start":{"line":17,"column":39},"end":{"line":17,"column":55}},"line":17}},"branchMap":{},"s":{"0":5,"1":4,"2":4},"f":{"0":4,"1":4},"b":{},"_coverageSchema":"1a1c01bbd47fc00a2c39e90264f33305004495a9","hash":"b12c61bdeb1cf877748337dab55079208713bd51"}
,"/Users/user/Desktop/Lisa Alley/lisa-alley-store/frontend/components/styles/SingleItemStyles.js": {"path":"/Users/user/Desktop/Lisa Alley/lisa-alley-store/frontend/components/styles/SingleItemStyles.js","statementMap":{"0":{"start":{"line":3,"column":25},"end":{"line":66,"column":1}},"1":{"start":{"line":6,"column":27},"end":{"line":6,"column":41}},"2":{"start":{"line":23,"column":26},"end":{"line":23,"column":41}},"3":{"start":{"line":40,"column":37},"end":{"line":40,"column":55}},"4":{"start":{"line":41,"column":26},"end":{"line":41,"column":43}},"5":{"start":{"line":51,"column":37},"end":{"line":51,"column":55}},"6":{"start":{"line":52,"column":26},"end":{"line":52,"column":43}}},"fnMap":{"0":{"name":"(anonymous_0)","decl":{"start":{"line":6,"column":16},"end":{"line":6,"column":17}},"loc":{"start":{"line":6,"column":27},"end":{"line":6,"column":41}},"line":6},"1":{"name":"(anonymous_1)","decl":{"start":{"line":23,"column":15},"end":{"line":23,"column":16}},"loc":{"start":{"line":23,"column":26},"end":{"line":23,"column":41}},"line":23},"2":{"name":"(anonymous_2)","decl":{"start":{"line":40,"column":26},"end":{"line":40,"column":27}},"loc":{"start":{"line":40,"column":37},"end":{"line":40,"column":55}},"line":40},"3":{"name":"(anonymous_3)","decl":{"start":{"line":41,"column":15},"end":{"line":41,"column":16}},"loc":{"start":{"line":41,"column":26},"end":{"line":41,"column":43}},"line":41},"4":{"name":"(anonymous_4)","decl":{"start":{"line":51,"column":26},"end":{"line":51,"column":27}},"loc":{"start":{"line":51,"column":37},"end":{"line":51,"column":55}},"line":51},"5":{"name":"(anonymous_5)","decl":{"start":{"line":52,"column":15},"end":{"line":52,"column":16}},"loc":{"start":{"line":52,"column":26},"end":{"line":52,"column":43}},"line":52}},"branchMap":{},"s":{"0":1,"1":1,"2":1,"3":1,"4":1,"5":1,"6":1},"f":{"0":1,"1":1,"2":1,"3":1,"4":1,"5":1},"b":{},"_coverageSchema":"1a1c01bbd47fc00a2c39e90264f33305004495a9","hash":"1d033ce057b743125b91d361d6c326ce44e204e4"}
,"/Users/user/Desktop/Lisa Alley/lisa-alley-store/frontend/components/utils/BS.js": {"path":"/Users/user/Desktop/Lisa Alley/lisa-alley-store/frontend/components/utils/BS.js","statementMap":{"0":{"start":{"line":6,"column":32},"end":{"line":13,"column":1}},"1":{"start":{"line":15,"column":19},"end":{"line":26,"column":1}},"2":{"start":{"line":16,"column":34},"end":{"line":16,"column":60}},"3":{"start":{"line":17,"column":2},"end":{"line":17,"column":31}},"4":{"start":{"line":17,"column":15},"end":{"line":17,"column":31}},"5":{"start":{"line":18,"column":2},"end":{"line":18,"column":42}},"6":{"start":{"line":18,"column":13},"end":{"line":18,"column":42}},"7":{"start":{"line":19,"column":2},"end":{"line":25,"column":3}},"8":{"start":{"line":19,"column":12},"end":{"line":25,"column":3}}},"fnMap":{"0":{"name":"(anonymous_0)","decl":{"start":{"line":15,"column":19},"end":{"line":15,"column":20}},"loc":{"start":{"line":15,"column":25},"end":{"line":26,"column":1}},"line":15}},"branchMap":{"0":{"loc":{"start":{"line":17,"column":2},"end":{"line":17,"column":31}},"type":"if","locations":[{"start":{"line":17,"column":2},"end":{"line":17,"column":31}},{"start":{"line":17,"column":2},"end":{"line":17,"column":31}}],"line":17},"1":{"loc":{"start":{"line":18,"column":2},"end":{"line":18,"column":42}},"type":"if","locations":[{"start":{"line":18,"column":2},"end":{"line":18,"column":42}},{"start":{"line":18,"column":2},"end":{"line":18,"column":42}}],"line":18},"2":{"loc":{"start":{"line":19,"column":2},"end":{"line":25,"column":3}},"type":"if","locations":[{"start":{"line":19,"column":2},"end":{"line":25,"column":3}},{"start":{"line":19,"column":2},"end":{"line":25,"column":3}}],"line":19}},"s":{"0":1,"1":1,"2":2,"3":2,"4":1,"5":1,"6":0,"7":1,"8":1},"f":{"0":2},"b":{"0":[1,1],"1":[0,1],"2":[1,0]},"_coverageSchema":"1a1c01bbd47fc00a2c39e90264f33305004495a9","hash":"c43242cfaaec64495161cf94c2930d2d159b3018"}
,"/Users/user/Desktop/Lisa Alley/lisa-alley-store/frontend/components/utils/ErrorMessage.js": {"path":"/Users/user/Desktop/Lisa Alley/lisa-alley-store/frontend/components/utils/ErrorMessage.js","statementMap":{"0":{"start":{"line":6,"column":21},"end":{"line":26,"column":1}},"1":{"start":{"line":7,"column":2},"end":{"line":7,"column":44}},"2":{"start":{"line":7,"column":32},"end":{"line":7,"column":44}},"3":{"start":{"line":8,"column":2},"end":{"line":17,"column":3}},"4":{"start":{"line":9,"column":4},"end":{"line":16,"column":7}},"5":{"start":{"line":10,"column":6},"end":{"line":15,"column":20}},"6":{"start":{"line":18,"column":2},"end":{"line":25,"column":4}},"7":{"start":{"line":28,"column":0},"end":{"line":30,"column":2}},"8":{"start":{"line":32,"column":0},"end":{"line":34,"column":2}}},"fnMap":{"0":{"name":"(anonymous_0)","decl":{"start":{"line":6,"column":21},"end":{"line":6,"column":22}},"loc":{"start":{"line":6,"column":36},"end":{"line":26,"column":1}},"line":6},"1":{"name":"(anonymous_1)","decl":{"start":{"line":9,"column":48},"end":{"line":9,"column":49}},"loc":{"start":{"line":10,"column":6},"end":{"line":15,"column":20}},"line":10}},"branchMap":{"0":{"loc":{"start":{"line":7,"column":2},"end":{"line":7,"column":44}},"type":"if","locations":[{"start":{"line":7,"column":2},"end":{"line":7,"column":44}},{"start":{"line":7,"column":2},"end":{"line":7,"column":44}}],"line":7},"1":{"loc":{"start":{"line":7,"column":6},"end":{"line":7,"column":30}},"type":"binary-expr","locations":[{"start":{"line":7,"column":6},"end":{"line":7,"column":12}},{"start":{"line":7,"column":16},"end":{"line":7,"column":30}}],"line":7},"2":{"loc":{"start":{"line":8,"column":2},"end":{"line":17,"column":3}},"type":"if","locations":[{"start":{"line":8,"column":2},"end":{"line":17,"column":3}},{"start":{"line":8,"column":2},"end":{"line":17,"column":3}}],"line":8},"3":{"loc":{"start":{"line":8,"column":6},"end":{"line":8,"column":96}},"type":"binary-expr","locations":[{"start":{"line":8,"column":6},"end":{"line":8,"column":24}},{"start":{"line":8,"column":28},"end":{"line":8,"column":53}},{"start":{"line":8,"column":57},"end":{"line":8,"column":96}}],"line":8}},"s":{"0":12,"1":374,"2":373,"3":1,"4":0,"5":0,"6":1,"7":12,"8":12},"f":{"0":374,"1":0},"b":{"0":[373,1],"1":[374,374],"2":[0,1],"3":[1,0,0]},"_coverageSchema":"1a1c01bbd47fc00a2c39e90264f33305004495a9","hash":"bf1ba7d1bb808ec7f5651cb52c313c3430f19638"}
,"/Users/user/Desktop/Lisa Alley/lisa-alley-store/frontend/components/utils/Loader.js": {"path":"/Users/user/Desktop/Lisa Alley/lisa-alley-store/frontend/components/utils/Loader.js","statementMap":{"0":{"start":{"line":4,"column":21},"end":{"line":40,"column":1}},"1":{"start":{"line":7,"column":20},"end":{"line":7,"column":36}},"2":{"start":{"line":14,"column":22},"end":{"line":14,"column":38}},"3":{"start":{"line":42,"column":15},"end":{"line":49,"column":1}},"4":{"start":{"line":43,"column":2},"end":{"line":48,"column":17}}},"fnMap":{"0":{"name":"(anonymous_0)","decl":{"start":{"line":7,"column":11},"end":{"line":7,"column":12}},"loc":{"start":{"line":7,"column":20},"end":{"line":7,"column":36}},"line":7},"1":{"name":"(anonymous_1)","decl":{"start":{"line":14,"column":13},"end":{"line":14,"column":14}},"loc":{"start":{"line":14,"column":22},"end":{"line":14,"column":38}},"line":14},"2":{"name":"(anonymous_2)","decl":{"start":{"line":42,"column":15},"end":{"line":42,"column":16}},"loc":{"start":{"line":43,"column":2},"end":{"line":48,"column":17}},"line":43}},"branchMap":{},"s":{"0":6,"1":6,"2":6,"3":6,"4":6},"f":{"0":6,"1":6,"2":6},"b":{},"_coverageSchema":"1a1c01bbd47fc00a2c39e90264f33305004495a9","hash":"dc2aad305a57ad2a0abf44bc2712d3bade3c99c9"}
,"/Users/user/Desktop/Lisa Alley/lisa-alley-store/frontend/components/utils/LocalState.js": {"path":"/Users/user/Desktop/Lisa Alley/lisa-alley-store/frontend/components/utils/LocalState.js","statementMap":{"0":{"start":{"line":3,"column":26},"end":{"line":3,"column":41}},"1":{"start":{"line":4,"column":27},"end":{"line":4,"column":53}},"2":{"start":{"line":7,"column":34},"end":{"line":7,"column":49}},"3":{"start":{"line":8,"column":38},"end":{"line":8,"column":53}},"4":{"start":{"line":11,"column":4},"end":{"line":11,"column":27}},"5":{"start":{"line":15,"column":4},"end":{"line":15,"column":31}},"6":{"start":{"line":18,"column":2},"end":{"line":22,"column":3}},"7":{"start":{"line":26,"column":14},"end":{"line":26,"column":43}},"8":{"start":{"line":27,"column":2},"end":{"line":27,"column":12}}},"fnMap":{"0":{"name":"ToggleProvider","decl":{"start":{"line":6,"column":9},"end":{"line":6,"column":23}},"loc":{"start":{"line":6,"column":36},"end":{"line":23,"column":1}},"line":6},"1":{"name":"toggleCart","decl":{"start":{"line":10,"column":11},"end":{"line":10,"column":21}},"loc":{"start":{"line":10,"column":24},"end":{"line":12,"column":3}},"line":10},"2":{"name":"toggleBurger","decl":{"start":{"line":14,"column":11},"end":{"line":14,"column":23}},"loc":{"start":{"line":14,"column":26},"end":{"line":16,"column":3}},"line":14},"3":{"name":"useTogglers","decl":{"start":{"line":25,"column":9},"end":{"line":25,"column":20}},"loc":{"start":{"line":25,"column":23},"end":{"line":28,"column":1}},"line":25}},"branchMap":{},"s":{"0":2,"1":2,"2":8,"3":8,"4":0,"5":0,"6":8,"7":16,"8":16},"f":{"0":8,"1":0,"2":0,"3":16},"b":{},"_coverageSchema":"1a1c01bbd47fc00a2c39e90264f33305004495a9","hash":"3adadd8ae3d7f9e6e09911838fd36e1690d187bd"}
,"/Users/user/Desktop/Lisa Alley/lisa-alley-store/frontend/components/utils/PleaseSignIn.js": {"path":"/Users/user/Desktop/Lisa Alley/lisa-alley-store/frontend/components/utils/PleaseSignIn.js","statementMap":{"0":{"start":{"line":6,"column":21},"end":{"line":23,"column":1}},"1":{"start":{"line":7,"column":35},"end":{"line":7,"column":63}},"2":{"start":{"line":8,"column":2},"end":{"line":8,"column":38}},"3":{"start":{"line":8,"column":14},"end":{"line":8,"column":38}},"4":{"start":{"line":9,"column":2},"end":{"line":9,"column":41}},"5":{"start":{"line":9,"column":12},"end":{"line":9,"column":41}},"6":{"start":{"line":10,"column":2},"end":{"line":17,"column":3}},"7":{"start":{"line":11,"column":4},"end":{"line":16,"column":5}},"8":{"start":{"line":18,"column":2},"end":{"line":22,"column":5}},"9":{"start":{"line":19,"column":4},"end":{"line":19,"column":25}},"10":{"start":{"line":21,"column":6},"end":{"line":21,"column":40}}},"fnMap":{"0":{"name":"(anonymous_0)","decl":{"start":{"line":6,"column":21},"end":{"line":6,"column":22}},"loc":{"start":{"line":6,"column":30},"end":{"line":23,"column":1}},"line":6}},"branchMap":{"0":{"loc":{"start":{"line":8,"column":2},"end":{"line":8,"column":38}},"type":"if","locations":[{"start":{"line":8,"column":2},"end":{"line":8,"column":38}},{"start":{"line":8,"column":2},"end":{"line":8,"column":38}}],"line":8},"1":{"loc":{"start":{"line":9,"column":2},"end":{"line":9,"column":41}},"type":"if","locations":[{"start":{"line":9,"column":2},"end":{"line":9,"column":41}},{"start":{"line":9,"column":2},"end":{"line":9,"column":41}}],"line":9},"2":{"loc":{"start":{"line":10,"column":2},"end":{"line":17,"column":3}},"type":"if","locations":[{"start":{"line":10,"column":2},"end":{"line":17,"column":3}},{"start":{"line":10,"column":2},"end":{"line":17,"column":3}}],"line":10},"3":{"loc":{"start":{"line":10,"column":5},"end":{"line":10,"column":21}},"type":"binary-expr","locations":[{"start":{"line":10,"column":5},"end":{"line":10,"column":9}},{"start":{"line":10,"column":13},"end":{"line":10,"column":21}}],"line":10},"4":{"loc":{"start":{"line":18,"column":2},"end":{"line":22,"column":5}},"type":"if","locations":[{"start":{"line":18,"column":2},"end":{"line":22,"column":5}},{"start":{"line":18,"column":2},"end":{"line":22,"column":5}}],"line":18},"5":{"loc":{"start":{"line":18,"column":5},"end":{"line":18,"column":20}},"type":"binary-expr","locations":[{"start":{"line":18,"column":5},"end":{"line":18,"column":9}},{"start":{"line":18,"column":13},"end":{"line":18,"column":20}}],"line":18}},"s":{"0":1,"1":4,"2":4,"3":2,"4":2,"5":0,"6":2,"7":1,"8":1,"9":1,"10":0},"f":{"0":4},"b":{"0":[2,2],"1":[0,2],"2":[1,1],"3":[2,2],"4":[1,0],"5":[1,1]},"_coverageSchema":"1a1c01bbd47fc00a2c39e90264f33305004495a9","hash":"5f28f6bd5fe831d1fbab48e9212b4be288bcaa30"}
,"/Users/user/Desktop/Lisa Alley/lisa-alley-store/frontend/components/utils/User.js": {"path":"/Users/user/Desktop/Lisa Alley/lisa-alley-store/frontend/components/utils/User.js","statementMap":{"0":{"start":{"line":4,"column":27},"end":{"line":29,"column":1}},"1":{"start":{"line":31,"column":16},"end":{"line":36,"column":1}},"2":{"start":{"line":32,"column":19},"end":{"line":32,"column":47}},"3":{"start":{"line":33,"column":2},"end":{"line":35,"column":3}},"4":{"start":{"line":34,"column":4},"end":{"line":34,"column":19}}},"fnMap":{"0":{"name":"(anonymous_0)","decl":{"start":{"line":31,"column":16},"end":{"line":31,"column":17}},"loc":{"start":{"line":31,"column":22},"end":{"line":36,"column":1}},"line":31}},"branchMap":{"0":{"loc":{"start":{"line":33,"column":2},"end":{"line":35,"column":3}},"type":"if","locations":[{"start":{"line":33,"column":2},"end":{"line":35,"column":3}},{"start":{"line":33,"column":2},"end":{"line":35,"column":3}}],"line":33}},"s":{"0":10,"1":10,"2":22,"3":22,"4":10},"f":{"0":22},"b":{"0":[10,12]},"_coverageSchema":"1a1c01bbd47fc00a2c39e90264f33305004495a9","hash":"ca06c1768d93f8bc67f10b77ef09f34870133659"}
,"/Users/user/Desktop/Lisa Alley/lisa-alley-store/frontend/lib/formatMoney.js": {"path":"/Users/user/Desktop/Lisa Alley/lisa-alley-store/frontend/lib/formatMoney.js","statementMap":{"0":{"start":{"line":2,"column":18},"end":{"line":6,"column":3}},"1":{"start":{"line":8,"column":2},"end":{"line":8,"column":60}},"2":{"start":{"line":8,"column":26},"end":{"line":8,"column":60}},"3":{"start":{"line":9,"column":20},"end":{"line":9,"column":59}},"4":{"start":{"line":10,"column":2},"end":{"line":10,"column":40}}},"fnMap":{"0":{"name":"formatMoney","decl":{"start":{"line":1,"column":24},"end":{"line":1,"column":35}},"loc":{"start":{"line":1,"column":44},"end":{"line":11,"column":1}},"line":1}},"branchMap":{"0":{"loc":{"start":{"line":8,"column":2},"end":{"line":8,"column":60}},"type":"if","locations":[{"start":{"line":8,"column":2},"end":{"line":8,"column":60}},{"start":{"line":8,"column":2},"end":{"line":8,"column":60}}],"line":8}},"s":{"0":24,"1":24,"2":16,"3":24,"4":24},"f":{"0":24},"b":{"0":[16,8]},"_coverageSchema":"1a1c01bbd47fc00a2c39e90264f33305004495a9","hash":"d606727e94c4829da3bcfeb87c43c2dd3e67d44d"}
,"/Users/user/Desktop/Lisa Alley/lisa-alley-store/frontend/lib/testUtils.js": {"path":"/Users/user/Desktop/Lisa Alley/lisa-alley-store/frontend/lib/testUtils.js","statementMap":{"0":{"start":{"line":9,"column":18},"end":{"line":11,"column":1}},"1":{"start":{"line":10,"column":2},"end":{"line":10,"column":89}},"2":{"start":{"line":13,"column":24},"end":{"line":13,"column":43}},"3":{"start":{"line":15,"column":21},"end":{"line":16,"column":54}},"4":{"start":{"line":16,"column":2},"end":{"line":16,"column":54}},"5":{"start":{"line":19,"column":0},"end":{"line":19,"column":17}},"6":{"start":{"line":21,"column":17},"end":{"line":31,"column":2}},"7":{"start":{"line":21,"column":24},"end":{"line":31,"column":1}},"8":{"start":{"line":33,"column":17},"end":{"line":46,"column":2}},"9":{"start":{"line":33,"column":24},"end":{"line":46,"column":1}},"10":{"start":{"line":48,"column":24},"end":{"line":62,"column":2}},"11":{"start":{"line":48,"column":31},"end":{"line":62,"column":1}},"12":{"start":{"line":64,"column":22},"end":{"line":72,"column":2}},"13":{"start":{"line":64,"column":29},"end":{"line":72,"column":1}},"14":{"start":{"line":74,"column":18},"end":{"line":82,"column":2}},"15":{"start":{"line":74,"column":25},"end":{"line":82,"column":1}},"16":{"start":{"line":84,"column":21},"end":{"line":91,"column":2}},"17":{"start":{"line":84,"column":37},"end":{"line":91,"column":1}},"18":{"start":{"line":93,"column":21},"end":{"line":96,"column":2}},"19":{"start":{"line":93,"column":28},"end":{"line":96,"column":1}},"20":{"start":{"line":101,"column":4},"end":{"line":101,"column":20}},"21":{"start":{"line":105,"column":4},"end":{"line":105,"column":20}},"22":{"start":{"line":109,"column":4},"end":{"line":109,"column":35}},"23":{"start":{"line":113,"column":4},"end":{"line":113,"column":39}},"24":{"start":{"line":117,"column":4},"end":{"line":117,"column":27}}},"fnMap":{"0":{"name":"(anonymous_0)","decl":{"start":{"line":9,"column":18},"end":{"line":9,"column":19}},"loc":{"start":{"line":9,"column":44},"end":{"line":11,"column":1}},"line":9},"1":{"name":"(anonymous_1)","decl":{"start":{"line":15,"column":21},"end":{"line":15,"column":22}},"loc":{"start":{"line":16,"column":2},"end":{"line":16,"column":54}},"line":16},"2":{"name":"(anonymous_2)","decl":{"start":{"line":21,"column":17},"end":{"line":21,"column":18}},"loc":{"start":{"line":21,"column":24},"end":{"line":31,"column":1}},"line":21},"3":{"name":"(anonymous_3)","decl":{"start":{"line":33,"column":17},"end":{"line":33,"column":18}},"loc":{"start":{"line":33,"column":24},"end":{"line":46,"column":1}},"line":33},"4":{"name":"(anonymous_4)","decl":{"start":{"line":48,"column":24},"end":{"line":48,"column":25}},"loc":{"start":{"line":48,"column":31},"end":{"line":62,"column":1}},"line":48},"5":{"name":"(anonymous_5)","decl":{"start":{"line":64,"column":22},"end":{"line":64,"column":23}},"loc":{"start":{"line":64,"column":29},"end":{"line":72,"column":1}},"line":64},"6":{"name":"(anonymous_6)","decl":{"start":{"line":74,"column":18},"end":{"line":74,"column":19}},"loc":{"start":{"line":74,"column":25},"end":{"line":82,"column":1}},"line":74},"7":{"name":"(anonymous_7)","decl":{"start":{"line":84,"column":21},"end":{"line":84,"column":22}},"loc":{"start":{"line":84,"column":37},"end":{"line":91,"column":1}},"line":84},"8":{"name":"(anonymous_8)","decl":{"start":{"line":93,"column":21},"end":{"line":93,"column":22}},"loc":{"start":{"line":93,"column":28},"end":{"line":96,"column":1}},"line":93},"9":{"name":"(anonymous_9)","decl":{"start":{"line":100,"column":2},"end":{"line":100,"column":3}},"loc":{"start":{"line":100,"column":16},"end":{"line":102,"column":3}},"line":100},"10":{"name":"(anonymous_10)","decl":{"start":{"line":104,"column":2},"end":{"line":104,"column":3}},"loc":{"start":{"line":104,"column":10},"end":{"line":106,"column":3}},"line":104},"11":{"name":"(anonymous_11)","decl":{"start":{"line":108,"column":2},"end":{"line":108,"column":3}},"loc":{"start":{"line":108,"column":15},"end":{"line":110,"column":3}},"line":108},"12":{"name":"(anonymous_12)","decl":{"start":{"line":112,"column":2},"end":{"line":112,"column":3}},"loc":{"start":{"line":112,"column":22},"end":{"line":114,"column":3}},"line":112},"13":{"name":"(anonymous_13)","decl":{"start":{"line":116,"column":2},"end":{"line":116,"column":3}},"loc":{"start":{"line":116,"column":18},"end":{"line":118,"column":3}},"line":116}},"branchMap":{"0":{"loc":{"start":{"line":109,"column":11},"end":{"line":109,"column":34}},"type":"binary-expr","locations":[{"start":{"line":109,"column":11},"end":{"line":109,"column":26}},{"start":{"line":109,"column":30},"end":{"line":109,"column":34}}],"line":109}},"s":{"0":15,"1":41,"2":15,"3":15,"4":41,"5":15,"6":15,"7":10,"8":15,"9":34,"10":15,"11":5,"12":15,"13":0,"14":15,"15":0,"16":15,"17":6,"18":15,"19":0,"20":0,"21":0,"22":0,"23":0,"24":0},"f":{"0":41,"1":41,"2":10,"3":34,"4":5,"5":0,"6":0,"7":6,"8":0,"9":0,"10":0,"11":0,"12":0,"13":0},"b":{"0":[0,0]},"_coverageSchema":"1a1c01bbd47fc00a2c39e90264f33305004495a9","hash":"82501b368c3e3c191bf7ed075d9bc36c6198c73d"}
,"/Users/user/Desktop/Lisa Alley/lisa-alley-store/frontend/lib/useForm.js": {"path":"/Users/user/Desktop/Lisa Alley/lisa-alley-store/frontend/lib/useForm.js","statementMap":{"0":{"start":{"line":3,"column":16},"end":{"line":78,"column":1}},"1":{"start":{"line":4,"column":30},"end":{"line":4,"column":50}},"2":{"start":{"line":5,"column":48},"end":{"line":5,"column":68}},"3":{"start":{"line":6,"column":42},"end":{"line":6,"column":57}},"4":{"start":{"line":7,"column":31},"end":{"line":7,"column":43}},"5":{"start":{"line":9,"column":2},"end":{"line":13,"column":31}},"6":{"start":{"line":10,"column":4},"end":{"line":12,"column":5}},"7":{"start":{"line":11,"column":6},"end":{"line":11,"column":17}},"8":{"start":{"line":15,"column":23},"end":{"line":24,"column":3}},"9":{"start":{"line":16,"column":4},"end":{"line":18,"column":5}},"10":{"start":{"line":17,"column":6},"end":{"line":17,"column":24}},"11":{"start":{"line":19,"column":4},"end":{"line":23,"column":5}},"12":{"start":{"line":20,"column":6},"end":{"line":20,"column":27}},"13":{"start":{"line":22,"column":6},"end":{"line":22,"column":66}},"14":{"start":{"line":26,"column":23},"end":{"line":69,"column":3}},"15":{"start":{"line":27,"column":4},"end":{"line":27,"column":16}},"16":{"start":{"line":28,"column":34},"end":{"line":28,"column":42}},"17":{"start":{"line":30,"column":28},"end":{"line":32,"column":5}},"18":{"start":{"line":34,"column":14},"end":{"line":34,"column":59}},"19":{"start":{"line":35,"column":4},"end":{"line":44,"column":5}},"20":{"start":{"line":37,"column":8},"end":{"line":37,"column":19}},"21":{"start":{"line":38,"column":8},"end":{"line":38,"column":14}},"22":{"start":{"line":40,"column":8},"end":{"line":40,"column":20}},"23":{"start":{"line":41,"column":8},"end":{"line":41,"column":14}},"24":{"start":{"line":43,"column":8},"end":{"line":43,"column":14}},"25":{"start":{"line":45,"column":4},"end":{"line":61,"column":5}},"26":{"start":{"line":47,"column":8},"end":{"line":51,"column":9}},"27":{"start":{"line":52,"column":8},"end":{"line":52,"column":14}},"28":{"start":{"line":54,"column":8},"end":{"line":57,"column":10}},"29":{"start":{"line":58,"column":8},"end":{"line":58,"column":14}},"30":{"start":{"line":60,"column":8},"end":{"line":60,"column":14}},"31":{"start":{"line":62,"column":4},"end":{"line":64,"column":7}},"32":{"start":{"line":62,"column":20},"end":{"line":64,"column":5}},"33":{"start":{"line":65,"column":4},"end":{"line":67,"column":7}},"34":{"start":{"line":65,"column":29},"end":{"line":67,"column":5}},"35":{"start":{"line":71,"column":2},"end":{"line":77,"column":3}}},"fnMap":{"0":{"name":"(anonymous_0)","decl":{"start":{"line":3,"column":16},"end":{"line":3,"column":17}},"loc":{"start":{"line":3,"column":47},"end":{"line":78,"column":1}},"line":3},"1":{"name":"(anonymous_1)","decl":{"start":{"line":9,"column":12},"end":{"line":9,"column":13}},"loc":{"start":{"line":9,"column":18},"end":{"line":13,"column":3}},"line":9},"2":{"name":"(anonymous_2)","decl":{"start":{"line":15,"column":23},"end":{"line":15,"column":24}},"loc":{"start":{"line":15,"column":28},"end":{"line":24,"column":3}},"line":15},"3":{"name":"(anonymous_3)","decl":{"start":{"line":26,"column":23},"end":{"line":26,"column":24}},"loc":{"start":{"line":26,"column":28},"end":{"line":69,"column":3}},"line":26},"4":{"name":"(anonymous_4)","decl":{"start":{"line":62,"column":14},"end":{"line":62,"column":15}},"loc":{"start":{"line":62,"column":20},"end":{"line":64,"column":5}},"line":62},"5":{"name":"(anonymous_5)","decl":{"start":{"line":65,"column":23},"end":{"line":65,"column":24}},"loc":{"start":{"line":65,"column":29},"end":{"line":67,"column":5}},"line":65}},"branchMap":{"0":{"loc":{"start":{"line":3,"column":27},"end":{"line":3,"column":42}},"type":"default-arg","locations":[{"start":{"line":3,"column":40},"end":{"line":3,"column":42}}],"line":3},"1":{"loc":{"start":{"line":10,"column":4},"end":{"line":12,"column":5}},"type":"if","locations":[{"start":{"line":10,"column":4},"end":{"line":12,"column":5}},{"start":{"line":10,"column":4},"end":{"line":12,"column":5}}],"line":10},"2":{"loc":{"start":{"line":16,"column":4},"end":{"line":18,"column":5}},"type":"if","locations":[{"start":{"line":16,"column":4},"end":{"line":18,"column":5}},{"start":{"line":16,"column":4},"end":{"line":18,"column":5}}],"line":16},"3":{"loc":{"start":{"line":19,"column":4},"end":{"line":23,"column":5}},"type":"if","locations":[{"start":{"line":19,"column":4},"end":{"line":23,"column":5}},{"start":{"line":19,"column":4},"end":{"line":23,"column":5}}],"line":19},"4":{"loc":{"start":{"line":19,"column":7},"end":{"line":19,"column":40}},"type":"binary-expr","locations":[{"start":{"line":19,"column":7},"end":{"line":19,"column":20}},{"start":{"line":19,"column":24},"end":{"line":19,"column":40}}],"line":19},"5":{"loc":{"start":{"line":34,"column":14},"end":{"line":34,"column":59}},"type":"cond-expr","locations":[{"start":{"line":34,"column":34},"end":{"line":34,"column":51}},{"start":{"line":34,"column":54},"end":{"line":34,"column":59}}],"line":34},"6":{"loc":{"start":{"line":35,"column":4},"end":{"line":44,"column":5}},"type":"switch","locations":[{"start":{"line":36,"column":6},"end":{"line":38,"column":14}},{"start":{"line":39,"column":6},"end":{"line":41,"column":14}},{"start":{"line":42,"column":6},"end":{"line":43,"column":14}}],"line":35},"7":{"loc":{"start":{"line":45,"column":4},"end":{"line":61,"column":5}},"type":"switch","locations":[{"start":{"line":46,"column":6},"end":{"line":52,"column":14}},{"start":{"line":53,"column":6},"end":{"line":58,"column":14}},{"start":{"line":59,"column":6},"end":{"line":60,"column":14}}],"line":45},"8":{"loc":{"start":{"line":49,"column":17},"end":{"line":49,"column":80}},"type":"cond-expr","locations":[{"start":{"line":49,"column":47},"end":{"line":49,"column":49}},{"start":{"line":49,"column":52},"end":{"line":49,"column":80}}],"line":49},"9":{"loc":{"start":{"line":56,"column":20},"end":{"line":56,"column":89}},"type":"cond-expr","locations":[{"start":{"line":56,"column":39},"end":{"line":56,"column":84}},{"start":{"line":56,"column":87},"end":{"line":56,"column":89}}],"line":56},"10":{"loc":{"start":{"line":66,"column":20},"end":{"line":66,"column":70}},"type":"cond-expr","locations":[{"start":{"line":66,"column":47},"end":{"line":66,"column":64}},{"start":{"line":66,"column":67},"end":{"line":66,"column":70}}],"line":66}},"s":{"0":5,"1":533,"2":533,"3":533,"4":533,"5":533,"6":452,"7":9,"8":533,"9":3,"10":3,"11":3,"12":3,"13":0,"14":533,"15":466,"16":466,"17":466,"18":466,"19":466,"20":0,"21":0,"22":0,"23":0,"24":466,"25":466,"26":90,"27":90,"28":24,"29":24,"30":352,"31":466,"32":466,"33":466,"34":466,"35":533},"f":{"0":533,"1":452,"2":3,"3":466,"4":466,"5":466},"b":{"0":[359],"1":[9,443],"2":[3,0],"3":[3,0],"4":[3,3],"5":[32,434],"6":[0,0,466],"7":[90,24,352],"8":[8,82],"9":[21,3],"10":[434,32]},"_coverageSchema":"1a1c01bbd47fc00a2c39e90264f33305004495a9","hash":"fdf0dba2b735c7b3f514eaf2e7da1605d657d176"}
,"/Users/user/Desktop/Lisa Alley/lisa-alley-store/frontend/lib/withData.js": {"path":"/Users/user/Desktop/Lisa Alley/lisa-alley-store/frontend/lib/withData.js","statementMap":{"0":{"start":{"line":8,"column":2},"end":{"line":8,"column":62}},"1":{"start":{"line":8,"column":46},"end":{"line":8,"column":62}},"2":{"start":{"line":9,"column":2},"end":{"line":9,"column":65}},"3":{"start":{"line":9,"column":45},"end":{"line":9,"column":65}},"4":{"start":{"line":10,"column":2},"end":{"line":10,"column":78}},"5":{"start":{"line":10,"column":39},"end":{"line":10,"column":78}},"6":{"start":{"line":13,"column":14},"end":{"line":13,"column":33}},"7":{"start":{"line":16,"column":2},"end":{"line":37,"column":5}}},"fnMap":{"0":{"name":"determineEndpoint","decl":{"start":{"line":7,"column":9},"end":{"line":7,"column":26}},"loc":{"start":{"line":7,"column":29},"end":{"line":11,"column":1}},"line":7},"1":{"name":"createClient","decl":{"start":{"line":15,"column":9},"end":{"line":15,"column":21}},"loc":{"start":{"line":15,"column":35},"end":{"line":38,"column":1}},"line":15}},"branchMap":{"0":{"loc":{"start":{"line":8,"column":2},"end":{"line":8,"column":62}},"type":"if","locations":[{"start":{"line":8,"column":2},"end":{"line":8,"column":62}},{"start":{"line":8,"column":2},"end":{"line":8,"column":62}}],"line":8},"1":{"loc":{"start":{"line":9,"column":2},"end":{"line":9,"column":65}},"type":"if","locations":[{"start":{"line":9,"column":2},"end":{"line":9,"column":65}},{"start":{"line":9,"column":2},"end":{"line":9,"column":65}}],"line":9},"2":{"loc":{"start":{"line":10,"column":2},"end":{"line":10,"column":78}},"type":"if","locations":[{"start":{"line":10,"column":2},"end":{"line":10,"column":78}},{"start":{"line":10,"column":2},"end":{"line":10,"column":78}}],"line":10},"3":{"loc":{"start":{"line":30,"column":10},"end":{"line":30,"column":70}},"type":"cond-expr","locations":[{"start":{"line":30,"column":44},"end":{"line":30,"column":54}},{"start":{"line":30,"column":57},"end":{"line":30,"column":70}}],"line":30},"4":{"loc":{"start":{"line":34,"column":10},"end":{"line":34,"column":70}},"type":"cond-expr","locations":[{"start":{"line":34,"column":44},"end":{"line":34,"column":54}},{"start":{"line":34,"column":57},"end":{"line":34,"column":70}}],"line":34}},"s":{"0":35,"1":0,"2":35,"3":0,"4":35,"5":35,"6":15,"7":14},"f":{"0":35,"1":14},"b":{"0":[0,35],"1":[0,35],"2":[35,0],"3":[14,0],"4":[14,0]},"_coverageSchema":"1a1c01bbd47fc00a2c39e90264f33305004495a9","hash":"deeed62e5950795ab2de04c7446051dfee71a82e"}
,"/Users/user/Desktop/Lisa Alley/lisa-alley-store/frontend/mocks/handlers.js": {"path":"/Users/user/Desktop/Lisa Alley/lisa-alley-store/frontend/mocks/handlers.js","statementMap":{"0":{"start":{"line":4,"column":13},"end":{"line":12,"column":1}},"1":{"start":{"line":14,"column":14},"end":{"line":25,"column":1}},"2":{"start":{"line":26,"column":13},"end":{"line":26,"column":23}},"3":{"start":{"line":28,"column":24},"end":{"line":153,"column":1}},"4":{"start":{"line":35,"column":4},"end":{"line":35,"column":45}},"5":{"start":{"line":40,"column":4},"end":{"line":40,"column":74}},"6":{"start":{"line":44,"column":4},"end":{"line":51,"column":6}},"7":{"start":{"line":55,"column":17},"end":{"line":55,"column":30}},"8":{"start":{"line":56,"column":4},"end":{"line":71,"column":5}},"9":{"start":{"line":57,"column":6},"end":{"line":61,"column":8}},"10":{"start":{"line":62,"column":11},"end":{"line":71,"column":5}},"11":{"start":{"line":63,"column":6},"end":{"line":70,"column":8}},"12":{"start":{"line":75,"column":17},"end":{"line":75,"column":30}},"13":{"start":{"line":76,"column":4},"end":{"line":82,"column":5}},"14":{"start":{"line":77,"column":6},"end":{"line":81,"column":7}},"15":{"start":{"line":90,"column":20},"end":{"line":90,"column":33}},"16":{"start":{"line":91,"column":4},"end":{"line":109,"column":5}},"17":{"start":{"line":92,"column":6},"end":{"line":99,"column":8}},"18":{"start":{"line":101,"column":6},"end":{"line":108,"column":8}},"19":{"start":{"line":113,"column":4},"end":{"line":121,"column":6}},"20":{"start":{"line":125,"column":4},"end":{"line":131,"column":6}},"21":{"start":{"line":135,"column":4},"end":{"line":141,"column":5}},"22":{"start":{"line":145,"column":4},"end":{"line":151,"column":5}}},"fnMap":{"0":{"name":"(anonymous_0)","decl":{"start":{"line":34,"column":38},"end":{"line":34,"column":39}},"loc":{"start":{"line":34,"column":57},"end":{"line":36,"column":3}},"line":34},"1":{"name":"(anonymous_1)","decl":{"start":{"line":38,"column":35},"end":{"line":38,"column":36}},"loc":{"start":{"line":38,"column":54},"end":{"line":41,"column":3}},"line":38},"2":{"name":"(anonymous_2)","decl":{"start":{"line":43,"column":36},"end":{"line":43,"column":37}},"loc":{"start":{"line":43,"column":55},"end":{"line":52,"column":3}},"line":43},"3":{"name":"(anonymous_3)","decl":{"start":{"line":54,"column":37},"end":{"line":54,"column":38}},"loc":{"start":{"line":54,"column":56},"end":{"line":72,"column":3}},"line":54},"4":{"name":"(anonymous_4)","decl":{"start":{"line":74,"column":38},"end":{"line":74,"column":39}},"loc":{"start":{"line":74,"column":57},"end":{"line":83,"column":3}},"line":74},"5":{"name":"(anonymous_5)","decl":{"start":{"line":89,"column":45},"end":{"line":89,"column":46}},"loc":{"start":{"line":89,"column":64},"end":{"line":110,"column":3}},"line":89},"6":{"name":"(anonymous_6)","decl":{"start":{"line":112,"column":43},"end":{"line":112,"column":44}},"loc":{"start":{"line":112,"column":62},"end":{"line":122,"column":3}},"line":112},"7":{"name":"(anonymous_7)","decl":{"start":{"line":124,"column":38},"end":{"line":124,"column":39}},"loc":{"start":{"line":124,"column":57},"end":{"line":132,"column":3}},"line":124},"8":{"name":"(anonymous_8)","decl":{"start":{"line":134,"column":43},"end":{"line":134,"column":44}},"loc":{"start":{"line":134,"column":60},"end":{"line":142,"column":3}},"line":134},"9":{"name":"(anonymous_9)","decl":{"start":{"line":144,"column":37},"end":{"line":144,"column":38}},"loc":{"start":{"line":144,"column":56},"end":{"line":152,"column":3}},"line":144}},"branchMap":{"0":{"loc":{"start":{"line":56,"column":4},"end":{"line":71,"column":5}},"type":"if","locations":[{"start":{"line":56,"column":4},"end":{"line":71,"column":5}},{"start":{"line":56,"column":4},"end":{"line":71,"column":5}}],"line":56},"1":{"loc":{"start":{"line":62,"column":11},"end":{"line":71,"column":5}},"type":"if","locations":[{"start":{"line":62,"column":11},"end":{"line":71,"column":5}},{"start":{"line":62,"column":11},"end":{"line":71,"column":5}}],"line":62},"2":{"loc":{"start":{"line":76,"column":4},"end":{"line":82,"column":5}},"type":"if","locations":[{"start":{"line":76,"column":4},"end":{"line":82,"column":5}},{"start":{"line":76,"column":4},"end":{"line":82,"column":5}}],"line":76},"3":{"loc":{"start":{"line":91,"column":4},"end":{"line":109,"column":5}},"type":"if","locations":[{"start":{"line":91,"column":4},"end":{"line":109,"column":5}},{"start":{"line":91,"column":4},"end":{"line":109,"column":5}}],"line":91}},"s":{"0":15,"1":15,"2":15,"3":15,"4":10,"5":1,"6":4,"7":3,"8":3,"9":3,"10":0,"11":0,"12":3,"13":3,"14":3,"15":1,"16":1,"17":1,"18":0,"19":1,"20":1,"21":1,"22":1},"f":{"0":10,"1":1,"2":4,"3":3,"4":3,"5":1,"6":1,"7":1,"8":1,"9":1},"b":{"0":[3,0],"1":[0,0],"2":[3,0],"3":[1,0]},"_coverageSchema":"1a1c01bbd47fc00a2c39e90264f33305004495a9","hash":"a203fb972539a238c2c446a925328059eddf9fd9"}
,"/Users/user/Desktop/Lisa Alley/lisa-alley-store/frontend/mocks/server.js": {"path":"/Users/user/Desktop/Lisa Alley/lisa-alley-store/frontend/mocks/server.js","statementMap":{"0":{"start":{"line":6,"column":22},"end":{"line":6,"column":46}}},"fnMap":{},"branchMap":{},"s":{"0":15},"f":{},"b":{},"_coverageSchema":"1a1c01bbd47fc00a2c39e90264f33305004495a9","hash":"f83208cac7df8f93ebc575fcdbe81659ad624e53"}
}
