TN:
SF:config.js
FNF:0
FNH:0
DA:2,15
DA:3,15
DA:5,15
DA:6,15
DA:7,15
LF:5
LH:5
BRF:0
BRH:0
end_of_record
TN:
SF:components/burger-menu/BurgerCartCount.js
FN:31,(anonymous_0)
FN:32,(anonymous_1)
FN:43,(anonymous_2)
FNF:3
FNH:3
FNDA:3,(anonymous_0)
FNDA:3,(anonymous_1)
FNDA:3,(anonymous_2)
DA:5,1
DA:30,1
DA:31,3
DA:32,3
DA:43,1
DA:44,3
LF:6
LH:6
BRF:0
BRH:0
end_of_record
TN:
SF:components/burger-menu/HamburgerMenu.js
FN:9,(anonymous_0)
FN:13,(anonymous_1)
FN:46,CartLink
FN:50,(anonymous_3)
FN:58,(anonymous_4)
FNF:5
FNH:3
FNDA:8,(anonymous_0)
FNDA:0,(anonymous_1)
FNDA:3,CartLink
FNDA:0,(anonymous_3)
FNDA:3,(anonymous_4)
DA:9,1
DA:10,8
DA:11,8
DA:13,8
DA:14,0
DA:18,8
DA:25,8
DA:32,8
DA:39,8
DA:45,8
DA:47,3
DA:51,0
DA:52,0
DA:58,3
DA:65,8
DA:67,8
LF:16
LH:13
BRDA:73,0,0,8
BRDA:73,0,1,3
BRDA:73,0,2,1
BRDA:76,1,0,8
BRDA:76,1,1,3
BRDA:76,1,2,2
BRDA:77,2,0,8
BRDA:77,2,1,3
BRDA:77,2,2,2
BRDA:78,3,0,8
BRDA:78,3,1,3
BRDA:78,3,2,2
BRDA:79,4,0,8
BRDA:79,4,1,3
BRDA:79,4,2,0
BRDA:80,5,0,8
BRDA:80,5,1,3
BRDA:84,6,0,8
BRDA:84,6,1,5
BRF:19
BRH:18
end_of_record
TN:
SF:components/cart/CartCount.js
FN:32,(anonymous_0)
FN:44,(anonymous_1)
FNF:2
FNH:2
FNDA:3,(anonymous_0)
FNDA:3,(anonymous_1)
DA:6,1
DA:31,1
DA:32,3
DA:44,1
DA:45,3
LF:5
LH:5
BRF:0
BRH:0
end_of_record
TN:
SF:components/items/CreateItem.js
FN:40,update
FN:44,(anonymous_1)
FN:51,CreateItem
FN:58,(anonymous_3)
FN:75,uploadFile
FN:99,(anonymous_5)
FNF:6
FNH:3
FNDA:0,update
FNDA:0,(anonymous_1)
FNDA:84,CreateItem
FNDA:37,(anonymous_3)
FNDA:0,uploadFile
FNDA:1,(anonymous_5)
DA:10,1
DA:41,0
DA:45,0
DA:52,84
DA:53,84
DA:54,84
DA:55,84
DA:56,84
DA:58,84
DA:59,37
DA:60,37
DA:63,84
DA:76,0
DA:77,0
DA:78,0
DA:79,0
DA:80,0
DA:82,0
DA:89,0
DA:90,0
DA:91,0
DA:92,0
DA:95,84
DA:96,84
DA:100,1
DA:101,1
DA:102,1
DA:103,1
DA:108,0
LF:29
LH:16
BRDA:124,0,0,84
BRDA:124,0,1,0
BRDA:161,1,0,84
BRDA:161,1,1,0
BRDA:171,2,0,84
BRDA:171,2,1,0
BRDA:180,3,0,84
BRDA:180,3,1,0
BRF:8
BRH:4
end_of_record
TN:
SF:components/items/Items.js
FN:26,(anonymous_0)
FN:38,(anonymous_1)
FNF:2
FNH:0
FNDA:0,(anonymous_0)
FNDA:0,(anonymous_1)
DA:12,4
DA:26,4
DA:27,0
DA:28,0
DA:31,0
DA:39,0
LF:6
LH:2
BRDA:34,0,0,0
BRDA:34,0,1,0
BRDA:35,1,0,0
BRDA:35,1,1,0
BRDA:36,2,0,0
BRDA:36,2,1,0
BRDA:36,2,2,0
BRF:7
BRH:0
end_of_record
TN:
SF:components/items/Pagination.js
FN:20,(anonymous_0)
FNF:1
FNH:1
FNDA:9,(anonymous_0)
DA:10,5
DA:20,5
DA:21,9
DA:22,9
DA:23,4
DA:24,4
DA:25,4
DA:26,4
DA:27,4
DA:28,4
DA:29,4
LF:11
LH:11
BRDA:22,0,0,5
BRDA:22,0,1,4
BRDA:23,1,0,0
BRDA:23,1,1,4
BRDA:26,2,0,4
BRDA:26,2,1,0
BRDA:26,3,0,4
BRDA:26,3,1,4
BRF:8
BRH:6
end_of_record
TN:
SF:components/items/SingleItem.js
FN:30,(anonymous_0)
FNF:1
FNH:1
FNDA:6,(anonymous_0)
DA:13,1
DA:30,1
DA:31,6
DA:32,6
DA:35,6
DA:36,5
DA:37,1
DA:38,1
DA:39,1
LF:9
LH:9
BRDA:35,0,0,1
BRDA:35,0,1,5
BRDA:36,1,0,4
BRDA:36,1,1,1
BRDA:37,2,0,0
BRDA:37,2,1,1
BRDA:60,3,0,1
BRDA:60,3,1,0
BRDA:61,4,0,1
BRDA:61,4,1,1
BRDA:61,4,2,1
BRF:11
BRH:9
end_of_record
TN:
SF:components/items/UpdateItem.js
FN:51,(anonymous_0)
FN:66,callback
FN:84,uploadFile
FNF:3
FNH:1
FNDA:56,(anonymous_0)
FNDA:0,callback
FNDA:0,uploadFile
DA:10,1
DA:24,1
DA:51,1
DA:52,56
DA:56,56
DA:57,56
DA:58,56
DA:59,56
DA:61,56
DA:64,56
DA:67,0
DA:68,0
DA:69,0
DA:70,0
DA:74,0
DA:79,0
DA:85,0
DA:86,0
DA:87,0
DA:88,0
DA:89,0
DA:91,0
DA:98,0
DA:99,0
DA:100,0
DA:101,0
DA:104,56
DA:105,54
DA:106,54
DA:107,54
LF:30
LH:14
BRDA:67,0,0,0
BRDA:67,0,1,0
BRDA:104,1,0,2
BRDA:104,1,1,54
BRDA:105,2,0,0
BRDA:105,2,1,54
BRDA:113,3,0,54
BRDA:113,3,1,54
BRDA:175,4,0,0
BRDA:175,4,1,54
BRF:10
BRH:6
end_of_record
TN:
SF:components/items/item-card/AddToCart.js
FN:14,(anonymous_0)
FNF:1
FNH:1
FNDA:2,(anonymous_0)
DA:5,4
DA:14,4
DA:15,2
DA:19,2
LF:4
LH:4
BRDA:21,0,0,2
BRDA:21,0,1,0
BRDA:21,0,2,0
BRDA:23,1,0,2
BRDA:23,1,1,0
BRF:5
BRH:2
end_of_record
TN:
SF:components/items/item-card/DeleteItem.js
FN:14,(anonymous_0)
FN:15,update
FN:21,(anonymous_2)
FN:36,(anonymous_3)
FN:38,(anonymous_4)
FNF:5
FNH:1
FNDA:2,(anonymous_0)
FNDA:0,update
FNDA:0,(anonymous_2)
FNDA:0,(anonymous_3)
FNDA:0,(anonymous_4)
DA:5,4
DA:14,4
DA:18,0
DA:20,0
DA:21,0
DA:24,0
DA:30,2
DA:34,2
DA:37,0
DA:38,0
DA:39,0
LF:11
LH:4
BRDA:37,0,0,0
BRDA:37,0,1,0
BRF:2
BRH:0
end_of_record
TN:
SF:components/items/item-card/Item.js
FN:9,(anonymous_0)
FNF:1
FNH:1
FNDA:3,(anonymous_0)
DA:9,4
DA:10,3
DA:60,4
LF:3
LH:3
BRDA:12,0,0,3
BRDA:12,0,1,0
BRDA:21,1,0,0
BRDA:21,1,1,0
BRDA:26,2,0,3
BRDA:26,2,1,0
BRDA:35,3,0,0
BRDA:35,3,1,0
BRDA:42,4,0,3
BRDA:42,4,1,2
BRDA:42,4,2,1
BRF:11
BRH:5
end_of_record
TN:
SF:components/orders/Order.js
FN:32,(anonymous_0)
FN:65,(anonymous_1)
FNF:2
FNH:2
FNDA:7,(anonymous_0)
FNDA:3,(anonymous_1)
DA:10,1
DA:32,1
DA:33,7
DA:36,7
DA:37,7
DA:38,3
DA:39,3
DA:66,3
DA:81,1
LF:9
LH:9
BRDA:36,0,0,0
BRDA:36,0,1,7
BRDA:37,1,0,4
BRDA:37,1,1,3
BRF:4
BRH:3
end_of_record
TN:
SF:components/page/header/Nav.js
FN:8,Nav
FN:40,CartLink
FN:44,(anonymous_2)
FN:51,(anonymous_3)
FNF:4
FNH:3
FNDA:8,Nav
FNDA:3,CartLink
FNDA:0,(anonymous_2)
FNDA:3,(anonymous_3)
DA:9,8
DA:10,8
DA:12,8
DA:19,8
DA:26,8
DA:33,8
DA:39,8
DA:41,3
DA:45,0
DA:51,3
DA:58,8
DA:60,8
LF:12
LH:11
BRDA:64,0,0,8
BRDA:64,0,1,3
BRDA:64,0,2,1
BRDA:67,1,0,8
BRDA:67,1,1,3
BRDA:67,1,2,2
BRDA:68,2,0,8
BRDA:68,2,1,3
BRDA:68,2,2,2
BRDA:69,3,0,8
BRDA:69,3,1,3
BRDA:69,3,2,2
BRDA:70,4,0,8
BRDA:70,4,1,3
BRDA:70,4,2,0
BRDA:71,5,0,8
BRDA:71,5,1,3
BRDA:75,6,0,8
BRDA:75,6,1,5
BRF:19
BRH:18
end_of_record
TN:
SF:components/signup-signin/RequestReset.js
FN:14,(anonymous_0)
FN:23,(anonymous_1)
FN:44,(anonymous_2)
FNF:3
FNH:3
FNDA:18,(anonymous_0)
FNDA:1,(anonymous_1)
FNDA:13,(anonymous_2)
DA:6,1
DA:14,1
DA:15,18
DA:16,18
DA:19,18
DA:24,1
DA:25,1
DA:26,1
DA:27,1
DA:29,0
DA:44,13
LF:11
LH:10
BRDA:36,0,0,18
BRDA:36,0,1,18
BRDA:36,0,2,17
BRDA:36,0,3,2
BRF:4
BRH:4
end_of_record
TN:
SF:components/signup-signin/Reset.js
FN:27,(anonymous_0)
FN:33,callback
FNF:2
FNH:2
FNDA:38,(anonymous_0)
FNDA:3,callback
DA:9,1
DA:27,1
DA:28,38
DA:29,38
DA:31,38
DA:34,3
DA:35,1
DA:36,1
DA:37,1
DA:45,0
DA:50,38
DA:84,1
LF:12
LH:11
BRDA:34,0,0,1
BRDA:34,0,1,2
BRDA:55,1,0,38
BRDA:55,1,1,38
BRDA:55,1,2,38
BRDA:55,1,3,1
BRF:6
BRH:6
end_of_record
TN:
SF:components/signup-signin/Signin.js
FN:28,(anonymous_0)
FN:43,(anonymous_1)
FN:66,(anonymous_2)
FN:76,(anonymous_3)
FNF:4
FNH:1
FNDA:1,(anonymous_0)
FNDA:0,(anonymous_1)
FNDA:0,(anonymous_2)
FNDA:0,(anonymous_3)
DA:12,1
DA:19,1
DA:28,1
DA:29,1
DA:30,1
DA:32,1
DA:36,1
DA:44,0
DA:45,0
DA:46,0
DA:47,0
DA:48,0
DA:52,0
DA:66,0
DA:76,0
LF:15
LH:7
BRF:0
BRH:0
end_of_record
TN:
SF:components/signup-signin/Signout.js
FN:15,(anonymous_0)
FN:19,handleClick
FNF:2
FNH:1
FNDA:4,(anonymous_0)
FNDA:0,handleClick
DA:7,2
DA:15,2
DA:16,4
DA:20,0
DA:23,0
DA:25,4
LF:6
LH:4
BRF:0
BRH:0
end_of_record
TN:
SF:components/signup-signin/Signup.js
FN:48,(anonymous_0)
FN:67,callback
FNF:2
FNH:2
FNDA:174,(anonymous_0)
FNDA:3,callback
DA:11,1
DA:44,1
DA:48,1
DA:49,174
DA:51,174
DA:53,174
DA:64,174
DA:68,3
DA:69,1
DA:70,1
DA:71,1
DA:75,1
DA:79,1
DA:84,174
LF:14
LH:14
BRDA:68,0,0,1
BRDA:68,0,1,2
BRDA:96,1,0,174
BRDA:96,1,1,0
BRDA:97,2,0,174
BRDA:97,2,1,2
BRDA:97,2,2,0
BRDA:98,3,0,174
BRDA:98,3,1,173
BRDA:98,3,2,173
BRDA:98,3,3,1
BRDA:110,4,0,174
BRDA:110,4,1,40
BRDA:133,5,0,174
BRDA:133,5,1,7
BRF:15
BRH:13
end_of_record
TN:
SF:components/signup-signin/UpdateUser.js
FN:41,(anonymous_0)
FN:54,callback
FNF:2
FNH:2
FNDA:181,(anonymous_0)
FNDA:3,callback
DA:8,1
DA:41,1
DA:42,181
DA:43,181
DA:45,181
DA:46,181
DA:47,181
DA:48,181
DA:50,181
DA:52,181
DA:55,3
DA:56,1
DA:57,1
DA:58,1
DA:62,0
DA:67,181
DA:68,178
DA:70,178
LF:18
LH:17
BRDA:55,0,0,1
BRDA:55,0,1,2
BRDA:67,1,0,3
BRDA:67,1,1,178
BRDA:68,2,0,0
BRDA:68,2,1,178
BRDA:73,3,0,178
BRDA:73,3,1,178
BRDA:73,3,2,177
BRDA:73,3,3,1
BRDA:162,4,0,1
BRDA:162,4,1,177
BRF:12
BRH:11
end_of_record
TN:
SF:components/styles/BurgerCloseButton.js
FN:4,(anonymous_0)
FN:5,(anonymous_1)
FNF:2
FNH:2
FNDA:8,(anonymous_0)
FNDA:8,(anonymous_1)
DA:3,1
DA:4,8
DA:5,8
LF:3
LH:3
BRF:0
BRH:0
end_of_record
TN:
SF:components/styles/BurgerStyles.js
FN:8,(anonymous_0)
FN:20,(anonymous_1)
FN:37,(anonymous_2)
FN:38,(anonymous_3)
FN:40,(anonymous_4)
FNF:5
FNH:5
FNDA:8,(anonymous_0)
FNDA:8,(anonymous_1)
FNDA:8,(anonymous_2)
FNDA:8,(anonymous_3)
FNDA:8,(anonymous_4)
DA:3,1
DA:8,8
DA:20,8
DA:37,8
DA:38,8
DA:40,8
LF:6
LH:6
BRDA:20,0,0,8
BRDA:20,0,1,0
BRF:2
BRH:1
end_of_record
TN:
SF:components/styles/ErrorStyles.js
FNF:0
FNH:0
DA:3,12
LF:1
LH:1
BRF:0
BRH:0
end_of_record
TN:
SF:components/styles/Form.js
FN:40,(anonymous_0)
FN:46,(anonymous_1)
FN:64,(anonymous_2)
FN:64,(anonymous_3)
FN:64,(anonymous_4)
FN:80,(anonymous_5)
FNF:6
FNH:6
FNDA:547,(anonymous_0)
FNDA:547,(anonymous_1)
FNDA:547,(anonymous_2)
FNDA:547,(anonymous_3)
FNDA:547,(anonymous_4)
FNDA:547,(anonymous_5)
DA:3,7
DA:15,7
DA:40,547
DA:46,547
DA:64,547
DA:80,547
LF:6
LH:6
BRF:0
BRH:0
end_of_record
TN:
SF:components/styles/ItemListStyles.js
FN:11,(anonymous_0)
FNF:1
FNH:0
FNDA:0,(anonymous_0)
DA:3,4
DA:7,4
DA:11,0
LF:3
LH:2
BRF:0
BRH:0
end_of_record
TN:
SF:components/styles/ItemStyles.js
FN:5,(anonymous_0)
FN:6,(anonymous_1)
FN:9,(anonymous_2)
FN:30,(anonymous_3)
FN:54,(anonymous_4)
FN:60,(anonymous_5)
FN:79,(anonymous_6)
FN:82,(anonymous_7)
FNF:8
FNH:6
FNDA:0,(anonymous_0)
FNDA:0,(anonymous_1)
FNDA:3,(anonymous_2)
FNDA:3,(anonymous_3)
FNDA:3,(anonymous_4)
FNDA:3,(anonymous_5)
FNDA:3,(anonymous_6)
FNDA:3,(anonymous_7)
DA:3,4
DA:5,0
DA:6,0
DA:9,3
DA:30,3
DA:54,3
DA:60,3
DA:79,3
DA:82,3
LF:9
LH:7
BRF:0
BRH:0
end_of_record
TN:
SF:components/styles/NavStyles.js
FN:21,(anonymous_0)
FN:31,(anonymous_1)
FN:63,(anonymous_2)
FNF:3
FNH:3
FNDA:8,(anonymous_0)
FNDA:8,(anonymous_1)
FNDA:8,(anonymous_2)
DA:3,1
DA:21,8
DA:31,8
DA:63,8
LF:4
LH:4
BRF:0
BRH:0
end_of_record
TN:
SF:components/styles/OrderStyles.js
FN:6,(anonymous_0)
FN:7,(anonymous_1)
FN:14,(anonymous_2)
FN:24,(anonymous_3)
FNF:4
FNH:4
FNDA:3,(anonymous_0)
FNDA:3,(anonymous_1)
FNDA:3,(anonymous_2)
FNDA:3,(anonymous_3)
DA:3,1
DA:6,3
DA:7,3
DA:14,3
DA:24,3
LF:5
LH:5
BRF:0
BRH:0
end_of_record
TN:
SF:components/styles/PaginationStyles.js
FN:12,(anonymous_0)
FN:17,(anonymous_1)
FNF:2
FNH:2
FNDA:4,(anonymous_0)
FNDA:4,(anonymous_1)
DA:3,5
DA:12,4
DA:17,4
LF:3
LH:3
BRF:0
BRH:0
end_of_record
TN:
SF:components/styles/SingleItemStyles.js
FN:6,(anonymous_0)
FN:23,(anonymous_1)
FN:40,(anonymous_2)
FN:41,(anonymous_3)
FN:51,(anonymous_4)
FN:52,(anonymous_5)
FNF:6
FNH:6
FNDA:1,(anonymous_0)
FNDA:1,(anonymous_1)
FNDA:1,(anonymous_2)
FNDA:1,(anonymous_3)
FNDA:1,(anonymous_4)
FNDA:1,(anonymous_5)
DA:3,1
DA:6,1
DA:23,1
DA:40,1
DA:41,1
DA:51,1
DA:52,1
LF:7
LH:7
BRF:0
BRH:0
end_of_record
TN:
SF:components/utils/BS.js
FN:15,(anonymous_0)
FNF:1
FNH:1
FNDA:2,(anonymous_0)
DA:6,1
DA:15,1
DA:16,2
DA:17,2
DA:18,1
DA:19,1
LF:6
LH:6
BRDA:17,0,0,1
BRDA:17,0,1,1
BRDA:18,1,0,0
BRDA:18,1,1,1
BRDA:19,2,0,1
BRDA:19,2,1,0
BRF:6
BRH:4
end_of_record
TN:
SF:components/utils/ErrorMessage.js
FN:6,(anonymous_0)
FN:9,(anonymous_1)
FNF:2
FNH:1
FNDA:374,(anonymous_0)
FNDA:0,(anonymous_1)
DA:6,12
DA:7,374
DA:8,1
DA:9,0
DA:10,0
DA:18,1
DA:28,12
DA:32,12
LF:8
LH:6
BRDA:7,0,0,373
BRDA:7,0,1,1
BRDA:7,1,0,374
BRDA:7,1,1,374
BRDA:8,2,0,0
BRDA:8,2,1,1
BRDA:8,3,0,1
BRDA:8,3,1,0
BRDA:8,3,2,0
BRF:9
BRH:6
end_of_record
TN:
SF:components/utils/Loader.js
FN:7,(anonymous_0)
FN:14,(anonymous_1)
FN:42,(anonymous_2)
FNF:3
FNH:3
FNDA:6,(anonymous_0)
FNDA:6,(anonymous_1)
FNDA:6,(anonymous_2)
DA:4,6
DA:7,6
DA:14,6
DA:42,6
DA:43,6
LF:5
LH:5
BRF:0
BRH:0
end_of_record
TN:
SF:components/utils/LocalState.js
FN:6,ToggleProvider
FN:10,toggleCart
FN:14,toggleBurger
FN:25,useTogglers
FNF:4
FNH:2
FNDA:8,ToggleProvider
FNDA:0,toggleCart
FNDA:0,toggleBurger
FNDA:16,useTogglers
DA:3,2
DA:4,2
DA:7,8
DA:8,8
DA:11,0
DA:15,0
DA:18,8
DA:26,16
DA:27,16
LF:9
LH:7
BRF:0
BRH:0
end_of_record
TN:
SF:components/utils/PleaseSignIn.js
FN:6,(anonymous_0)
FNF:1
FNH:1
FNDA:4,(anonymous_0)
DA:6,1
DA:7,4
DA:8,4
DA:9,2
DA:10,2
DA:11,1
DA:18,1
DA:19,1
DA:21,0
LF:9
LH:8
BRDA:8,0,0,2
BRDA:8,0,1,2
BRDA:9,1,0,0
BRDA:9,1,1,2
BRDA:10,2,0,1
BRDA:10,2,1,1
BRDA:10,3,0,2
BRDA:10,3,1,2
BRDA:18,4,0,1
BRDA:18,4,1,0
BRDA:18,5,0,1
BRDA:18,5,1,1
BRF:12
BRH:10
end_of_record
TN:
SF:components/utils/User.js
FN:31,(anonymous_0)
FNF:1
FNH:1
FNDA:22,(anonymous_0)
DA:4,10
DA:31,10
DA:32,22
DA:33,22
DA:34,10
LF:5
LH:5
BRDA:33,0,0,10
BRDA:33,0,1,12
BRF:2
BRH:2
end_of_record
TN:
SF:lib/formatMoney.js
FN:1,formatMoney
FNF:1
FNH:1
FNDA:24,formatMoney
DA:2,24
DA:8,24
DA:9,24
DA:10,24
LF:4
LH:4
BRDA:8,0,0,16
BRDA:8,0,1,8
BRF:2
BRH:2
end_of_record
TN:
SF:lib/testUtils.js
FN:9,(anonymous_0)
FN:15,(anonymous_1)
FN:21,(anonymous_2)
FN:33,(anonymous_3)
FN:48,(anonymous_4)
FN:64,(anonymous_5)
FN:74,(anonymous_6)
FN:84,(anonymous_7)
FN:93,(anonymous_8)
FN:100,(anonymous_9)
FN:104,(anonymous_10)
FN:108,(anonymous_11)
FN:112,(anonymous_12)
FN:116,(anonymous_13)
FNF:14
FNH:6
FNDA:41,(anonymous_0)
FNDA:41,(anonymous_1)
FNDA:10,(anonymous_2)
FNDA:34,(anonymous_3)
FNDA:5,(anonymous_4)
FNDA:0,(anonymous_5)
FNDA:0,(anonymous_6)
FNDA:6,(anonymous_7)
FNDA:0,(anonymous_8)
FNDA:0,(anonymous_9)
FNDA:0,(anonymous_10)
FNDA:0,(anonymous_11)
FNDA:0,(anonymous_12)
FNDA:0,(anonymous_13)
DA:9,15
DA:10,41
DA:13,15
DA:15,15
DA:16,41
DA:19,15
DA:21,15
DA:33,34
DA:48,15
DA:64,15
DA:74,15
DA:84,15
DA:93,15
DA:101,0
DA:105,0
DA:109,0
DA:113,0
DA:117,0
LF:18
LH:13
BRDA:109,0,0,0
BRDA:109,0,1,0
BRF:2
BRH:0
end_of_record
TN:
SF:lib/useForm.js
FN:3,(anonymous_0)
FN:9,(anonymous_1)
FN:15,(anonymous_2)
FN:26,(anonymous_3)
FN:62,(anonymous_4)
FN:65,(anonymous_5)
FNF:6
FNH:6
FNDA:533,(anonymous_0)
FNDA:452,(anonymous_1)
FNDA:3,(anonymous_2)
FNDA:466,(anonymous_3)
FNDA:466,(anonymous_4)
FNDA:466,(anonymous_5)
DA:3,5
DA:4,533
DA:5,533
DA:6,533
DA:7,533
DA:9,533
DA:10,452
DA:11,9
DA:15,533
DA:16,3
DA:17,3
DA:19,3
DA:20,3
DA:22,0
DA:26,533
DA:27,466
DA:28,466
DA:30,466
DA:34,466
DA:35,466
DA:37,0
DA:38,0
DA:40,0
DA:41,0
DA:43,466
DA:45,466
DA:47,90
DA:52,90
DA:54,24
DA:58,24
DA:60,352
DA:62,466
DA:65,466
DA:71,533
LF:34
LH:29
BRDA:3,0,0,359
BRDA:10,1,0,9
BRDA:10,1,1,443
BRDA:16,2,0,3
BRDA:16,2,1,0
BRDA:19,3,0,3
BRDA:19,3,1,0
BRDA:19,4,0,3
BRDA:19,4,1,3
BRDA:34,5,0,32
BRDA:34,5,1,434
BRDA:35,6,0,0
BRDA:35,6,1,0
BRDA:35,6,2,466
BRDA:45,7,0,90
BRDA:45,7,1,24
BRDA:45,7,2,352
BRDA:49,8,0,8
BRDA:49,8,1,82
BRDA:56,9,0,21
BRDA:56,9,1,3
BRDA:66,10,0,434
BRDA:66,10,1,32
BRF:23
BRH:19
end_of_record
TN:
SF:lib/withData.js
FN:7,determineEndpoint
FN:15,createClient
FNF:2
FNH:2
FNDA:35,determineEndpoint
FNDA:14,createClient
DA:8,35
DA:9,35
DA:10,35
DA:13,15
DA:16,14
LF:5
LH:5
BRDA:8,0,0,0
BRDA:8,0,1,35
BRDA:9,1,0,0
BRDA:9,1,1,35
BRDA:10,2,0,35
BRDA:10,2,1,0
BRDA:30,3,0,14
BRDA:30,3,1,0
BRDA:34,4,0,14
BRDA:34,4,1,0
BRF:10
BRH:5
end_of_record
TN:
SF:mocks/handlers.js
FN:34,(anonymous_0)
FN:38,(anonymous_1)
FN:43,(anonymous_2)
FN:54,(anonymous_3)
FN:74,(anonymous_4)
FN:89,(anonymous_5)
FN:112,(anonymous_6)
FN:124,(anonymous_7)
FN:134,(anonymous_8)
FN:144,(anonymous_9)
FNF:10
FNH:10
FNDA:10,(anonymous_0)
FNDA:1,(anonymous_1)
FNDA:4,(anonymous_2)
FNDA:3,(anonymous_3)
FNDA:3,(anonymous_4)
FNDA:1,(anonymous_5)
FNDA:1,(anonymous_6)
FNDA:1,(anonymous_7)
FNDA:1,(anonymous_8)
FNDA:1,(anonymous_9)
DA:4,15
DA:14,15
DA:26,15
DA:28,15
DA:35,10
DA:40,1
DA:44,4
DA:55,3
DA:56,3
DA:57,3
DA:62,0
DA:63,0
DA:75,3
DA:76,3
DA:77,3
DA:90,1
DA:91,1
DA:92,1
DA:101,0
DA:113,1
DA:125,1
DA:135,1
DA:145,1
LF:23
LH:20
BRDA:56,0,0,3
BRDA:56,0,1,0
BRDA:62,1,0,0
BRDA:62,1,1,0
BRDA:76,2,0,3
BRDA:76,2,1,0
BRDA:91,3,0,1
BRDA:91,3,1,0
BRF:8
BRH:3
end_of_record
TN:
SF:mocks/server.js
FNF:0
FNH:0
DA:6,15
LF:1
LH:1
BRF:0
BRH:0
end_of_record
