TN:
SF:components/items/UpdateItem.js
FN:52,(anonymous_0)
FN:66,callback
FN:84,uploadFile
FNF:3
FNH:1
FNDA:4,(anonymous_0)
FNDA:0,callback
FNDA:0,uploadFile
DA:11,1
DA:25,1
DA:52,1
DA:53,4
DA:57,4
DA:58,4
DA:59,4
DA:60,4
DA:62,4
DA:64,4
DA:67,0
DA:68,0
DA:69,0
DA:70,0
DA:74,0
DA:79,0
DA:85,0
DA:86,0
DA:87,0
DA:88,0
DA:89,0
DA:91,0
DA:98,0
DA:99,0
DA:100,0
DA:101,0
DA:104,4
DA:105,2
DA:106,2
DA:107,2
LF:30
LH:14
BRDA:67,0,0,0
BRDA:67,0,1,0
BRDA:104,1,0,2
BRDA:104,1,1,2
BRDA:105,2,0,0
BRDA:105,2,1,2
BRDA:115,3,0,2
BRDA:115,3,1,2
BRDA:181,4,0,0
BRDA:181,4,1,2
BRF:10
BRH:6
end_of_record
TN:
SF:lib/testUtils.js
FN:9,(anonymous_0)
FN:19,(anonymous_1)
FN:25,(anonymous_2)
FN:37,(anonymous_3)
FN:52,(anonymous_4)
FN:68,(anonymous_5)
FN:78,(anonymous_6)
FN:88,(anonymous_7)
FN:97,(anonymous_8)
FN:104,(anonymous_9)
FN:108,(anonymous_10)
FN:112,(anonymous_11)
FN:116,(anonymous_12)
FN:120,(anonymous_13)
FNF:14
FNH:4
FNDA:2,(anonymous_0)
FNDA:2,(anonymous_1)
FNDA:1,(anonymous_2)
FNDA:1,(anonymous_3)
FNDA:0,(anonymous_4)
FNDA:0,(anonymous_5)
FNDA:0,(anonymous_6)
FNDA:0,(anonymous_7)
FNDA:0,(anonymous_8)
FNDA:0,(anonymous_9)
FNDA:0,(anonymous_10)
FNDA:0,(anonymous_11)
FNDA:0,(anonymous_12)
FNDA:0,(anonymous_13)
DA:9,1
DA:10,2
DA:17,1
DA:19,1
DA:20,2
DA:23,1
DA:25,1
DA:37,1
DA:52,1
DA:68,1
DA:78,1
DA:88,1
DA:97,1
DA:105,0
DA:109,0
DA:113,0
DA:117,0
DA:121,0
LF:18
LH:13
BRDA:113,0,0,0
BRDA:113,0,1,0
BRF:2
BRH:0
end_of_record
